#
# A fatal error has been detected by the Java Runtime Environment:
#
#  EXCEPTION_ACCESS_VIOLATION (0xc0000005) at pc=0x00007ffe2dd0e0a9, pid=3920, tid=11788
#
# JRE version: OpenJDK Runtime Environment Microsoft-8035246 (17.0.8+7) (build 17.0.8+7-LTS)
# Java VM: OpenJDK 64-Bit Server VM Microsoft-8035246 (17.0.8+7-LTS, mixed mode, sharing, tiered, compressed oops, compressed class ptrs, g1 gc, windows-amd64)
# Problematic frame:
# V  [jvm.dll+0x2be0a9]
#
# No core dump will be written. Minidumps are not enabled by default on client versions of Windows
#
# If you would like to submit a bug report, please visit:
#   https://github.com/microsoft/openjdk/issues
#

---------------  S U M M A R Y ------------

Command Line: -XX:MaxMetaspaceSize=512m --add-opens=java.base/java.util=ALL-UNNAMED --add-opens=java.base/java.lang=ALL-UNNAMED --add-opens=java.base/java.lang.invoke=ALL-UNNAMED --add-opens=java.prefs/java.util.prefs=ALL-UNNAMED --add-opens=java.base/java.nio.charset=ALL-UNNAMED --add-opens=java.base/java.net=ALL-UNNAMED --add-opens=java.base/java.util.concurrent.atomic=ALL-UNNAMED -Xmx2048m -Dfile.encoding=windows-1252 -Duser.country=IN -Duser.language=en -Duser.variant -javaagent:E:\Appdata\Gradle\wrapper\dists\gradle-8.3-all\6en3ugtfdg5xnpx44z4qbwgas\gradle-8.3\lib\agents\gradle-instrumentation-agent-8.3.jar org.gradle.launcher.daemon.bootstrap.GradleDaemon 8.3

Host: Intel(R) Core(TM) i5-9400F CPU @ 2.90GHz, 6 cores, 7G,  Windows 10 , 64 bit Build 19041 (10.0.19041.2788)
Time: Mon Mar  4 22:00:54 2024 India Standard Time elapsed time: 130.544918 seconds (0d 0h 2m 10s)

---------------  T H R E A D  ---------------

Current thread (0x000001c4be2284f0):  JavaThread "C2 CompilerThread0" daemon [_thread_in_native, id=11788, stack(0x00000074ccc00000,0x00000074ccd00000)]


Current CompileTask:
C2: 130544 15256       4       org.gradle.cache.internal.AsyncCacheAccessDecoratedCache$$Lambda$511/0x000001c4c047be68::create (12 bytes)

Stack: [0x00000074ccc00000,0x00000074ccd00000],  sp=0x00000074cccfb3e0,  free space=1004k
Native frames: (J=compiled Java code, j=interpreted, Vv=VM code, C=native code)
V  [jvm.dll+0x2be0a9]
V  [jvm.dll+0x21ba8b]
V  [jvm.dll+0x21944b]
V  [jvm.dll+0x1a56b6]
V  [jvm.dll+0x2291ea]
V  [jvm.dll+0x22724c]
V  [jvm.dll+0x7efd0c]
V  [jvm.dll+0x7ea13a]
V  [jvm.dll+0x67ad85]
C  [ucrtbase.dll+0x21bb2]
C  [KERNEL32.DLL+0x17604]
C  [ntdll.dll+0x526a1]


siginfo: EXCEPTION_ACCESS_VIOLATION (0xc0000005), reading address 0x0000000000000028


Register to memory mapping:

RIP=0x00007ffe2dd0e0a9 jvm.dll
RAX=0x000001c4e31d7020 points into unknown readable memory: 0x0000000000000000 | 00 00 00 00 00 00 00 00
RBX=0x0000000000001284 is an unknown value
RCX=0x0 is NULL
RDX=0x0 is NULL
RSP=0x00000074cccfb3e0 is pointing into the stack for thread: 0x000001c4be2284f0
RBP=0x00000074cccfb450 is pointing into the stack for thread: 0x000001c4be2284f0
RSI=0x0 is NULL
RDI=0x000000000000003c is an unknown value
R8 =0x000000000000ffe0 is an unknown value
R9 =0x0 is NULL
R10=0x00007ffecf860000 VCRUNTIME140.dll
R11=0x000001c4e31d7040 points into unknown readable memory: 0x0000000000000000 | 00 00 00 00 00 00 00 00
R12=0x0000000000000050 is an unknown value
R13=0x0 is NULL
R14=0x0 is NULL
R15=0x00000074cccfe600 is pointing into the stack for thread: 0x000001c4be2284f0


Registers:
RAX=0x000001c4e31d7020, RBX=0x0000000000001284, RCX=0x0000000000000000, RDX=0x0000000000000000
RSP=0x00000074cccfb3e0, RBP=0x00000074cccfb450, RSI=0x0000000000000000, RDI=0x000000000000003c
R8 =0x000000000000ffe0, R9 =0x0000000000000000, R10=0x00007ffecf860000, R11=0x000001c4e31d7040
R12=0x0000000000000050, R13=0x0000000000000000, R14=0x0000000000000000, R15=0x00000074cccfe600
RIP=0x00007ffe2dd0e0a9, EFLAGS=0x0000000000010202

Top of Stack: (sp=0x00000074cccfb3e0)
0x00000074cccfb3e0:   0000000000001284 0000000000000000
0x00000074cccfb3f0:   00000074cccfe600 00007ffe2dc738d1
0x00000074cccfb400:   000001c4be2203c0 00007ffe00002000
0x00000074cccfb410:   000001c4e31d7020 000001c400000000
0x00000074cccfb420:   0000000000000002 000001c4e89d5f60
0x00000074cccfb430:   0000000000000002 000001c4be2203c0
0x00000074cccfb440:   0000000000000000 0000000000000000
0x00000074cccfb450:   000001c4a028c3a0 000001c4a0234180
0x00000074cccfb460:   000000000000003c 00007ffe2e394c08
0x00000074cccfb470:   00000074cccfb580 00007ffe2dc6ba8b
0x00000074cccfb480:   00000074cccfe600 00007ffe2e394c08
0x00000074cccfb490:   00000074cccfe600 00000074cccfb580
0x00000074cccfb4a0:   0000007400000000 00000074cccff160
0x00000074cccfb4b0:   000000740000000f 00000074cccfe600
0x00000074cccfb4c0:   00000074cccfb630 000001c400000000
0x00000074cccfb4d0:   000001c400000100 00007ffe2e394c08 

Instructions: (pc=0x00007ffe2dd0e0a9)
0x00007ffe2dd0dfa9:   3b d0 75 0b ff c1 41 3b c9 7c dc 48 8b c2 c3 33
0x00007ffe2dd0dfb9:   c0 c3 cc cc cc cc cc 48 89 5c 24 18 55 56 57 41
0x00007ffe2dd0dfc9:   55 41 57 48 8b ec 48 83 ec 70 65 48 8b 04 25 58
0x00007ffe2dd0dfd9:   00 00 00 48 8b f2 44 8b 05 d2 8b 90 00 4c 8b f9
0x00007ffe2dd0dfe9:   4a 8b 1c c0 b8 50 00 00 00 80 3c 18 00 75 05 e8
0x00007ffe2dd0dff9:   8b 6f 5d 00 b8 20 00 00 00 48 8b 04 18 48 8b 98
0x00007ffe2dd0e009:   38 02 00 00 48 89 5d b0 c7 45 b8 04 00 00 00 48
0x00007ffe2dd0e019:   8b 43 18 48 83 f8 df 76 18 4c 8d 05 37 a9 65 00
0x00007ffe2dd0e029:   ba 20 00 00 00 48 8b cb e8 5a eb de ff 48 8b 43
0x00007ffe2dd0e039:   18 48 8d 48 20 48 3b 4b 20 76 11 45 33 c0 48 8b
0x00007ffe2dd0e049:   cb 41 8d 50 20 e8 fd e8 de ff eb 04 48 89 4b 18
0x00007ffe2dd0e059:   44 8b 45 b8 33 d2 49 c1 e0 03 48 8b c8 48 89 45
0x00007ffe2dd0e069:   c0 e8 e3 80 5d 00 45 33 ed 48 8d 4d d0 44 89 6d
0x00007ffe2dd0e079:   c8 e8 01 59 56 00 41 8b 9f 40 02 00 00 41 2b 9f
0x00007ffe2dd0e089:   68 02 00 00 44 89 6d f0 3b 5d b8 72 0b 8b d3 48
0x00007ffe2dd0e099:   8d 4d b0 e8 6f b3 39 00 48 8b 45 c0 4c 89 2c d8
0x00007ffe2dd0e0a9:   8b 7e 28 8b df c1 eb 05 3b 5d d0 72 0b 8b d3 48
0x00007ffe2dd0e0b9:   8d 4d d0 e8 1f 59 56 00 48 8b 45 d8 83 e7 1f 48
0x00007ffe2dd0e0c9:   8d 14 98 40 0f b6 cf 41 b8 01 00 00 00 41 d3 e0
0x00007ffe2dd0e0d9:   8b 0a 8b c1 41 0b c0 89 02 41 85 c8 75 21 8b 5d
0x00007ffe2dd0e0e9:   c8 8d 43 01 89 45 c8 3b 5d b8 72 0b 8b d3 48 8d
0x00007ffe2dd0e0f9:   4d b0 e8 10 b3 39 00 48 8b 45 c0 48 89 34 d8 44
0x00007ffe2dd0e109:   39 6d c8 0f 86 77 01 00 00 4c 89 a4 24 a0 00 00
0x00007ffe2dd0e119:   00 4c 89 b4 24 a8 00 00 00 48 8b 45 c0 41 8b cd
0x00007ffe2dd0e129:   48 8b 34 c8 8b 46 2c 25 ff 1f 00 00 3d 04 10 00
0x00007ffe2dd0e139:   00 0f 85 a7 00 00 00 bb 01 00 00 00 39 5e 18 76
0x00007ffe2dd0e149:   39 66 0f 1f 44 00 00 48 8b 46 08 8b cb 48 8b 14
0x00007ffe2dd0e159:   c8 48 85 d2 74 1d 48 83 7a 10 00 74 16 80 7a 2c
0x00007ffe2dd0e169:   84 74 10 e8 7f 7e ee ff 48 8b d0 49 8b cf e8 a4
0x00007ffe2dd0e179:   61 f6 ff ff c3 3b 5e 18 72 cd 48 8b 5e 10 8b 46
0x00007ffe2dd0e189:   20 4c 8d 34 c3 49 3b de 73 54 48 8b 3b 8b 47 2c
0x00007ffe2dd0e199:   83 e0 03 3c 03 75 2e 48 8b 07 48 8b cf ff 90 88 


Stack slot to memory mapping:
stack at sp + 0 slots: 0x0000000000001284 is an unknown value
stack at sp + 1 slots: 0x0 is NULL
stack at sp + 2 slots: 0x00000074cccfe600 is pointing into the stack for thread: 0x000001c4be2284f0
stack at sp + 3 slots: 0x00007ffe2dc738d1 jvm.dll
stack at sp + 4 slots: 0x000001c4be2203c0 points into unknown readable memory: 0x0000000000000006 | 06 00 00 00 00 00 00 00
stack at sp + 5 slots: 0x00007ffe00002000 is an unknown value
stack at sp + 6 slots: 0x000001c4e31d7020 points into unknown readable memory: 0x0000000000000000 | 00 00 00 00 00 00 00 00
stack at sp + 7 slots: 0x000001c400000000 is an unknown value


---------------  P R O C E S S  ---------------

Threads class SMR info:
_java_thread_list=0x000001c4dfbda310, length=118, elements={
0x000001c4a021d000, 0x000001c4be208bd0, 0x000001c4be209960, 0x000001c4be221970,
0x000001c4be223250, 0x000001c4be223b20, 0x000001c4be2243f0, 0x000001c4be2284f0,
0x000001c4be230e10, 0x000001c4be23db20, 0x000001c4be42e0b0, 0x000001c4be4f7a60,
0x000001c4deac08f0, 0x000001c4dea14fa0, 0x000001c4de9b2480, 0x000001c4dee387a0,
0x000001c4dec37940, 0x000001c4df3b1500, 0x000001c4dfa036c0, 0x000001c4dfe8c540,
0x000001c4e12f8910, 0x000001c4df501820, 0x000001c4e079c290, 0x000001c4bebbc6b0,
0x000001c4bebbad60, 0x000001c4bebbb780, 0x000001c4e19843d0, 0x000001c4e1982570,
0x000001c4e1982060, 0x000001c4e1986740, 0x000001c4e1988090, 0x000001c4e1988fc0,
0x000001c4e1983ec0, 0x000001c4e1986c50, 0x000001c4e19848e0, 0x000001c4e1987160,
0x000001c4e1982f90, 0x000001c4e1986230, 0x000001c4e19894d0, 0x000001c4e19899e0,
0x000001c4e1987670, 0x000001c4e19839b0, 0x000001c4e1987b80, 0x000001c4e1982a80,
0x000001c4e19834a0, 0x000001c4e1985300, 0x000001c4e1984df0, 0x000001c4bebb9920,
0x000001c4bebba850, 0x000001c4bed01ab0, 0x000001c4becffc50, 0x000001c4becfc9b0,
0x000001c4becff740, 0x000001c4becfd8e0, 0x000001c4becff230, 0x000001c4becfbf90,
0x000001c4becfc4a0, 0x000001c4bed029e0, 0x000001c4becfba80, 0x000001c4bed00160,
0x000001c4bed00670, 0x000001c4becfed20, 0x000001c4bed00b80, 0x000001c4bed02ef0,
0x000001c4becfddf0, 0x000001c4becfe810, 0x000001c4dee15680, 0x000001c4dee165b0,
0x000001c4dee14c60, 0x000001c4dee119c0, 0x000001c4dee123e0, 0x000001c4dee179f0,
0x000001c4dee13820, 0x000001c4dee10fa0, 0x000001c4dee11ed0, 0x000001c4dee15170,
0x000001c4dee13310, 0x000001c4dee174e0, 0x000001c4dee10580, 0x000001c4dee17f00,
0x000001c4dee13d30, 0x000001c4dee14240, 0x000001c4bebbbc90, 0x000001c4dfabc270,
0x000001c4dfabe0d0, 0x000001c4dfabfa20, 0x000001c4dfabd6b0, 0x000001c4dfac1370,
0x000001c4dfabd1a0, 0x000001c4dfac22a0, 0x000001c4dfabe5e0, 0x000001c4dfabdbc0,
0x000001c4dfabeaf0, 0x000001c4dfabf000, 0x000001c4dfac0440, 0x000001c4dfabae30,
0x000001c4dfabc780, 0x000001c4dfac1d90, 0x000001c4dfabbd60, 0x000001c4dfabcc90,
0x000001c4e8c589d0, 0x000001c4e8c542f0, 0x000001c4e8c54d10, 0x000001c4e8c57080,
0x000001c4e8c538d0, 0x000001c4e8c533c0, 0x000001c4e8c54800, 0x000001c4e8c53de0,
0x000001c4e8c57590, 0x000001c4e8c59900, 0x000001c4e8c593f0, 0x000001c4e8c59e10,
0x000001c4e8c5a320, 0x000001c4e8c56150, 0x000001c4e8c52eb0, 0x000001c4e8c5a830,
0x000001c4e8c56660, 0x000001c4e8c57aa0
}

Java Threads: ( => current thread )
  0x000001c4a021d000 JavaThread "main" [_thread_blocked, id=17676, stack(0x00000074cbf00000,0x00000074cc000000)]
  0x000001c4be208bd0 JavaThread "Reference Handler" daemon [_thread_blocked, id=756, stack(0x00000074cc600000,0x00000074cc700000)]
  0x000001c4be209960 JavaThread "Finalizer" daemon [_thread_blocked, id=20268, stack(0x00000074cc700000,0x00000074cc800000)]
  0x000001c4be221970 JavaThread "Signal Dispatcher" daemon [_thread_blocked, id=4848, stack(0x00000074cc800000,0x00000074cc900000)]
  0x000001c4be223250 JavaThread "Attach Listener" daemon [_thread_blocked, id=7424, stack(0x00000074cc900000,0x00000074cca00000)]
  0x000001c4be223b20 JavaThread "Service Thread" daemon [_thread_blocked, id=17936, stack(0x00000074cca00000,0x00000074ccb00000)]
  0x000001c4be2243f0 JavaThread "Monitor Deflation Thread" daemon [_thread_blocked, id=9484, stack(0x00000074ccb00000,0x00000074ccc00000)]
=>0x000001c4be2284f0 JavaThread "C2 CompilerThread0" daemon [_thread_in_native, id=11788, stack(0x00000074ccc00000,0x00000074ccd00000)]
  0x000001c4be230e10 JavaThread "C1 CompilerThread0" daemon [_thread_blocked, id=18620, stack(0x00000074ccd00000,0x00000074cce00000)]
  0x000001c4be23db20 JavaThread "Sweeper thread" daemon [_thread_blocked, id=16044, stack(0x00000074cce00000,0x00000074ccf00000)]
  0x000001c4be42e0b0 JavaThread "Common-Cleaner" daemon [_thread_blocked, id=17472, stack(0x00000074ccf00000,0x00000074cd000000)]
  0x000001c4be4f7a60 JavaThread "Notification Thread" daemon [_thread_blocked, id=4796, stack(0x00000074cd000000,0x00000074cd100000)]
  0x000001c4deac08f0 JavaThread "Daemon health stats" [_thread_blocked, id=3124, stack(0x00000074cd700000,0x00000074cd800000)]
  0x000001c4dea14fa0 JavaThread "Incoming local TCP Connector on port 56083" [_thread_in_native, id=18088, stack(0x00000074cd800000,0x00000074cd900000)]
  0x000001c4de9b2480 JavaThread "Daemon periodic checks" [_thread_blocked, id=8084, stack(0x00000074cd900000,0x00000074cda00000)]
  0x000001c4dee387a0 JavaThread "Daemon" [_thread_blocked, id=12104, stack(0x00000074cda00000,0x00000074cdb00000)]
  0x000001c4dec37940 JavaThread "Daemon worker" [_thread_blocked, id=12240, stack(0x00000074cdd00000,0x00000074cde00000)]
  0x000001c4df3b1500 JavaThread "Cache worker for journal cache (E:\Appdata\Gradle\caches\journal-1)" [_thread_blocked, id=7108, stack(0x00000074cd200000,0x00000074cd300000)]
  0x000001c4dfa036c0 JavaThread "File lock request listener" [_thread_in_native, id=18344, stack(0x00000074ce100000,0x00000074ce200000)]
  0x000001c4dfe8c540 JavaThread "Cache worker for file hash cache (E:\Appdata\Gradle\caches\8.3\fileHashes)" [_thread_blocked, id=1056, stack(0x00000074ce200000,0x00000074ce300000)]
  0x000001c4e12f8910 JavaThread "File watcher server" daemon [_thread_in_native, id=14856, stack(0x00000074ce400000,0x00000074ce500000)]
  0x000001c4df501820 JavaThread "File watcher consumer" daemon [_thread_blocked, id=15636, stack(0x00000074ce500000,0x00000074ce600000)]
  0x000001c4e079c290 JavaThread "Cache worker for file content cache (E:\Appdata\Gradle\caches\8.3\fileContent)" [_thread_blocked, id=17448, stack(0x00000074ce900000,0x00000074cea00000)]
  0x000001c4bebbc6b0 JavaThread "Cache worker for execution history cache (E:\Appdata\Gradle\caches\8.3\executionHistory)" [_thread_blocked, id=11012, stack(0x00000074cec00000,0x00000074ced00000)]
  0x000001c4bebbad60 JavaThread "jar transforms" [_thread_blocked, id=3292, stack(0x00000074ced00000,0x00000074cee00000)]
  0x000001c4bebbb780 JavaThread "jar transforms Thread 2" [_thread_blocked, id=12212, stack(0x00000074cee00000,0x00000074cef00000)]
  0x000001c4e19843d0 JavaThread "File lock release action executor" [_thread_blocked, id=15336, stack(0x00000074cef00000,0x00000074cf000000)]
  0x000001c4e1982570 JavaThread "jar transforms Thread 3" [_thread_blocked, id=11724, stack(0x00000074cf000000,0x00000074cf100000)]
  0x000001c4e1982060 JavaThread "jar transforms Thread 4" [_thread_blocked, id=6052, stack(0x00000074cf100000,0x00000074cf200000)]
  0x000001c4e1986740 JavaThread "Cache worker for kotlin-dsl (E:\Appdata\Gradle\caches\8.3\kotlin-dsl)" [_thread_blocked, id=18004, stack(0x00000074cde00000,0x00000074cdf00000)]
  0x000001c4e1988090 JavaThread "jar transforms Thread 5" [_thread_blocked, id=8780, stack(0x00000074cf200000,0x00000074cf300000)]
  0x000001c4e1988fc0 JavaThread "jar transforms Thread 6" [_thread_blocked, id=14308, stack(0x00000074cf300000,0x00000074cf400000)]
  0x000001c4e1983ec0 JavaThread "Handler for socket connection from /127.0.0.1:56083 to /127.0.0.1:56107" [_thread_in_native, id=14596, stack(0x00000074cdf00000,0x00000074ce000000)]
  0x000001c4e1986c50 JavaThread "Cancel handler" [_thread_blocked, id=10200, stack(0x00000074ce000000,0x00000074ce100000)]
  0x000001c4e19848e0 JavaThread "Asynchronous log dispatcher for DefaultDaemonConnection: socket connection from /127.0.0.1:56083 to /127.0.0.1:56107" [_thread_blocked, id=12252, stack(0x00000074ce600000,0x00000074ce700000)]
  0x000001c4e1987160 JavaThread "Stdin handler" [_thread_blocked, id=17672, stack(0x00000074ce700000,0x00000074ce800000)]
  0x000001c4e1982f90 JavaThread "Daemon client event forwarder" [_thread_blocked, id=7176, stack(0x00000074ce800000,0x00000074ce900000)]
  0x000001c4e1986230 JavaThread "Cache worker for checksums cache (E:\Codes\React Native\Chromata\android\.gradle\8.3\checksums)" [_thread_blocked, id=17368, stack(0x00000074ceb00000,0x00000074cec00000)]
  0x000001c4e19894d0 JavaThread "Cache worker for file hash cache (E:\Codes\React Native\Chromata\android\.gradle\8.3\fileHashes)" [_thread_blocked, id=16148, stack(0x00000074cf400000,0x00000074cf500000)]
  0x000001c4e19899e0 JavaThread "Cache worker for cache directory md-supplier (E:\Appdata\Gradle\caches\8.3\md-supplier)" [_thread_blocked, id=13768, stack(0x00000074cf500000,0x00000074cf600000)]
  0x000001c4e1987670 JavaThread "Cache worker for cache directory md-rule (E:\Appdata\Gradle\caches\8.3\md-rule)" [_thread_blocked, id=6328, stack(0x00000074cf600000,0x00000074cf700000)]
  0x000001c4e19839b0 JavaThread "Unconstrained build operations" [_thread_blocked, id=18764, stack(0x00000074cf700000,0x00000074cf800000)]
  0x000001c4e1987b80 JavaThread "Unconstrained build operations Thread 2" [_thread_blocked, id=15892, stack(0x00000074cf800000,0x00000074cf900000)]
  0x000001c4e1982a80 JavaThread "Cache worker for dependencies-accessors (E:\Codes\React Native\Chromata\android\.gradle\8.3\dependencies-accessors)" [_thread_blocked, id=5808, stack(0x00000074cf900000,0x00000074cfa00000)]
  0x000001c4e19834a0 JavaThread "Cache worker for Build Output Cleanup Cache (E:\Codes\React Native\Chromata\node_modules\@react-native\gradle-plugin\.gradle\buildOutputCleanup)" [_thread_blocked, id=3480, stack(0x00000074cfa00000,0x00000074cfb00000)]
  0x000001c4e1985300 JavaThread "Unconstrained build operations Thread 3" [_thread_blocked, id=19532, stack(0x00000074cfb00000,0x00000074cfc00000)]
  0x000001c4e1984df0 JavaThread "Unconstrained build operations Thread 4" [_thread_blocked, id=11772, stack(0x00000074cfc00000,0x00000074cfd00000)]
  0x000001c4bebb9920 JavaThread "Unconstrained build operations Thread 5" [_thread_blocked, id=988, stack(0x00000074cfd00000,0x00000074cfe00000)]
  0x000001c4bebba850 JavaThread "Unconstrained build operations Thread 6" [_thread_in_native, id=7200, stack(0x00000074cfe00000,0x00000074cff00000)]
  0x000001c4bed01ab0 JavaThread "Unconstrained build operations Thread 7" [_thread_blocked, id=10340, stack(0x00000074cff00000,0x00000074d0000000)]
  0x000001c4becffc50 JavaThread "Memory manager" [_thread_blocked, id=6980, stack(0x00000074d0000000,0x00000074d0100000)]
  0x000001c4becfc9b0 JavaThread "Cache worker for Build Output Cleanup Cache (E:\Codes\React Native\Chromata\android\.gradle\buildOutputCleanup)" [_thread_blocked, id=16876, stack(0x00000074cbc00000,0x00000074cbd00000)]
  0x000001c4becff740 JavaThread "ForkJoinPool.commonPool-worker-1" daemon [_thread_blocked, id=18932, stack(0x00000074cbd00000,0x00000074cbe00000)]
  0x000001c4becfd8e0 JavaThread "ForkJoinPool.commonPool-worker-2" daemon [_thread_blocked, id=7980, stack(0x00000074cbe00000,0x00000074cbf00000)]
  0x000001c4becff230 JavaThread "ForkJoinPool.commonPool-worker-3" daemon [_thread_blocked, id=12692, stack(0x00000074d0100000,0x00000074d0200000)]
  0x000001c4becfbf90 JavaThread "ForkJoinPool.commonPool-worker-4" daemon [_thread_blocked, id=3336, stack(0x00000074d0200000,0x00000074d0300000)]
  0x000001c4becfc4a0 JavaThread "ForkJoinPool.commonPool-worker-5" daemon [_thread_blocked, id=4296, stack(0x00000074d0300000,0x00000074d0400000)]
  0x000001c4bed029e0 JavaThread "included builds" [_thread_blocked, id=12196, stack(0x00000074d0700000,0x00000074d0800000)]
  0x000001c4becfba80 JavaThread "Execution worker" [_thread_blocked, id=11520, stack(0x00000074d0800000,0x00000074d0900000)]
  0x000001c4bed00160 JavaThread "Execution worker Thread 2" [_thread_blocked, id=2320, stack(0x00000074d0900000,0x00000074d0a00000)]
  0x000001c4bed00670 JavaThread "Execution worker Thread 3" [_thread_blocked, id=15508, stack(0x00000074d0a00000,0x00000074d0b00000)]
  0x000001c4becfed20 JavaThread "Execution worker Thread 4" [_thread_blocked, id=13292, stack(0x00000074d0b00000,0x00000074d0c00000)]
  0x000001c4bed00b80 JavaThread "Execution worker Thread 5" [_thread_blocked, id=16152, stack(0x00000074d0c00000,0x00000074d0d00000)]
  0x000001c4bed02ef0 JavaThread "Cache worker for execution history cache (E:\Codes\React Native\Chromata\node_modules\@react-native\gradle-plugin\.gradle\8.3\executionHistory)" [_thread_blocked, id=11020, stack(0x00000074d0d00000,0x00000074d0e00000)]
  0x000001c4becfddf0 JavaThread "Unconstrained build operations Thread 8" [_thread_blocked, id=13548, stack(0x00000074d0e00000,0x00000074d0f00000)]
  0x000001c4becfe810 JavaThread "Unconstrained build operations Thread 9" [_thread_blocked, id=5448, stack(0x00000074d0f00000,0x00000074d1000000)]
  0x000001c4dee15680 JavaThread "Unconstrained build operations Thread 10" [_thread_blocked, id=4248, stack(0x00000074d1000000,0x00000074d1100000)]
  0x000001c4dee165b0 JavaThread "Unconstrained build operations Thread 11" [_thread_blocked, id=5688, stack(0x00000074d1100000,0x00000074d1200000)]
  0x000001c4dee14c60 JavaThread "Unconstrained build operations Thread 12" [_thread_blocked, id=2296, stack(0x00000074d1200000,0x00000074d1300000)]
  0x000001c4dee119c0 JavaThread "Unconstrained build operations Thread 13" [_thread_blocked, id=19236, stack(0x00000074d1300000,0x00000074d1400000)]
  0x000001c4dee123e0 JavaThread "Unconstrained build operations Thread 14" [_thread_blocked, id=20084, stack(0x00000074d1400000,0x00000074d1500000)]
  0x000001c4dee179f0 JavaThread "Unconstrained build operations Thread 15" [_thread_blocked, id=8844, stack(0x00000074d1500000,0x00000074d1600000)]
  0x000001c4dee13820 JavaThread "Unconstrained build operations Thread 16" [_thread_blocked, id=16124, stack(0x00000074d1600000,0x00000074d1700000)]
  0x000001c4dee10fa0 JavaThread "Unconstrained build operations Thread 17" [_thread_blocked, id=14532, stack(0x00000074d1700000,0x00000074d1800000)]
  0x000001c4dee11ed0 JavaThread "Unconstrained build operations Thread 18" [_thread_blocked, id=9056, stack(0x00000074d1800000,0x00000074d1900000)]
  0x000001c4dee15170 JavaThread "Unconstrained build operations Thread 19" [_thread_blocked, id=19228, stack(0x00000074d1900000,0x00000074d1a00000)]
  0x000001c4dee13310 JavaThread "Unconstrained build operations Thread 20" [_thread_blocked, id=10108, stack(0x00000074d1b00000,0x00000074d1c00000)]
  0x000001c4dee174e0 JavaThread "Unconstrained build operations Thread 21" [_thread_blocked, id=4348, stack(0x00000074d1a00000,0x00000074d1b00000)]
  0x000001c4dee10580 JavaThread "Unconstrained build operations Thread 22" [_thread_blocked, id=2144, stack(0x00000074d1c00000,0x00000074d1d00000)]
  0x000001c4dee17f00 JavaThread "Unconstrained build operations Thread 23" [_thread_blocked, id=16748, stack(0x00000074d1d00000,0x00000074d1e00000)]
  0x000001c4dee13d30 JavaThread "Unconstrained build operations Thread 24" [_thread_blocked, id=17460, stack(0x00000074d1e00000,0x00000074d1f00000)]
  0x000001c4dee14240 JavaThread "Unconstrained build operations Thread 25" [_thread_blocked, id=9052, stack(0x00000074d1f00000,0x00000074d2000000)]
  0x000001c4bebbbc90 JavaThread "Unconstrained build operations Thread 26" [_thread_blocked, id=19128, stack(0x00000074d2000000,0x00000074d2100000)]
  0x000001c4dfabc270 JavaThread "Unconstrained build operations Thread 27" [_thread_blocked, id=5892, stack(0x00000074d2100000,0x00000074d2200000)]
  0x000001c4dfabe0d0 JavaThread "Unconstrained build operations Thread 28" [_thread_blocked, id=18592, stack(0x00000074d2200000,0x00000074d2300000)]
  0x000001c4dfabfa20 JavaThread "Unconstrained build operations Thread 29" [_thread_blocked, id=16596, stack(0x00000074d2300000,0x00000074d2400000)]
  0x000001c4dfabd6b0 JavaThread "Unconstrained build operations Thread 30" [_thread_blocked, id=6936, stack(0x00000074d2400000,0x00000074d2500000)]
  0x000001c4dfac1370 JavaThread "Unconstrained build operations Thread 31" [_thread_blocked, id=11104, stack(0x00000074d2500000,0x00000074d2600000)]
  0x000001c4dfabd1a0 JavaThread "Unconstrained build operations Thread 32" [_thread_blocked, id=16264, stack(0x00000074d2600000,0x00000074d2700000)]
  0x000001c4dfac22a0 JavaThread "Unconstrained build operations Thread 33" [_thread_blocked, id=3656, stack(0x00000074d2700000,0x00000074d2800000)]
  0x000001c4dfabe5e0 JavaThread "Unconstrained build operations Thread 34" [_thread_blocked, id=17044, stack(0x00000074d2800000,0x00000074d2900000)]
  0x000001c4dfabdbc0 JavaThread "Unconstrained build operations Thread 35" [_thread_blocked, id=16248, stack(0x00000074d2900000,0x00000074d2a00000)]
  0x000001c4dfabeaf0 JavaThread "Unconstrained build operations Thread 36" [_thread_blocked, id=10260, stack(0x00000074d2a00000,0x00000074d2b00000)]
  0x000001c4dfabf000 JavaThread "Unconstrained build operations Thread 37" [_thread_blocked, id=20360, stack(0x00000074d2b00000,0x00000074d2c00000)]
  0x000001c4dfac0440 JavaThread "Unconstrained build operations Thread 38" [_thread_blocked, id=13504, stack(0x00000074d2c00000,0x00000074d2d00000)]
  0x000001c4dfabae30 JavaThread "Unconstrained build operations Thread 39" [_thread_blocked, id=14304, stack(0x00000074d2d00000,0x00000074d2e00000)]
  0x000001c4dfabc780 JavaThread "Unconstrained build operations Thread 40" [_thread_blocked, id=19480, stack(0x00000074d2e00000,0x00000074d2f00000)]
  0x000001c4dfac1d90 JavaThread "Unconstrained build operations Thread 41" [_thread_blocked, id=18756, stack(0x00000074d2f00000,0x00000074d3000000)]
  0x000001c4dfabbd60 JavaThread "Unconstrained build operations Thread 42" [_thread_blocked, id=17376, stack(0x00000074d3000000,0x00000074d3100000)]
  0x000001c4dfabcc90 JavaThread "Unconstrained build operations Thread 43" [_thread_blocked, id=14124, stack(0x00000074d3100000,0x00000074d3200000)]
  0x000001c4e8c589d0 JavaThread "Unconstrained build operations Thread 44" [_thread_blocked, id=1716, stack(0x00000074d3200000,0x00000074d3300000)]
  0x000001c4e8c542f0 JavaThread "Unconstrained build operations Thread 45" [_thread_blocked, id=12912, stack(0x00000074d3300000,0x00000074d3400000)]
  0x000001c4e8c54d10 JavaThread "Unconstrained build operations Thread 46" [_thread_blocked, id=14616, stack(0x00000074d3400000,0x00000074d3500000)]
  0x000001c4e8c57080 JavaThread "Unconstrained build operations Thread 47" [_thread_blocked, id=9760, stack(0x00000074d3500000,0x00000074d3600000)]
  0x000001c4e8c538d0 JavaThread "Unconstrained build operations Thread 48" [_thread_blocked, id=6096, stack(0x00000074d3600000,0x00000074d3700000)]
  0x000001c4e8c533c0 JavaThread "Unconstrained build operations Thread 49" [_thread_blocked, id=13820, stack(0x00000074d3700000,0x00000074d3800000)]
  0x000001c4e8c54800 JavaThread "Unconstrained build operations Thread 50" [_thread_blocked, id=12860, stack(0x00000074d3800000,0x00000074d3900000)]
  0x000001c4e8c53de0 JavaThread "Unconstrained build operations Thread 51" [_thread_blocked, id=4564, stack(0x00000074d3900000,0x00000074d3a00000)]
  0x000001c4e8c57590 JavaThread "Unconstrained build operations Thread 52" [_thread_blocked, id=5484, stack(0x00000074d3a00000,0x00000074d3b00000)]
  0x000001c4e8c59900 JavaThread "Unconstrained build operations Thread 53" [_thread_blocked, id=7552, stack(0x00000074d3b00000,0x00000074d3c00000)]
  0x000001c4e8c593f0 JavaThread "Unconstrained build operations Thread 54" [_thread_blocked, id=4924, stack(0x00000074d3c00000,0x00000074d3d00000)]
  0x000001c4e8c59e10 JavaThread "Unconstrained build operations Thread 55" [_thread_blocked, id=7624, stack(0x00000074d3d00000,0x00000074d3e00000)]
  0x000001c4e8c5a320 JavaThread "Unconstrained build operations Thread 56" [_thread_blocked, id=11340, stack(0x00000074d3e00000,0x00000074d3f00000)]
  0x000001c4e8c56150 JavaThread "Unconstrained build operations Thread 57" [_thread_blocked, id=596, stack(0x00000074d3f00000,0x00000074d4000000)]
  0x000001c4e8c52eb0 JavaThread "Unconstrained build operations Thread 58" [_thread_blocked, id=7120, stack(0x00000074d4000000,0x00000074d4100000)]
  0x000001c4e8c5a830 JavaThread "Unconstrained build operations Thread 59" [_thread_blocked, id=17796, stack(0x00000074d4100000,0x00000074d4200000)]
  0x000001c4e8c56660 JavaThread "Unconstrained build operations Thread 60" [_thread_blocked, id=13228, stack(0x00000074d4200000,0x00000074d4300000)]
  0x000001c4e8c57aa0 JavaThread "Cache worker for execution history cache (E:\Codes\React Native\Chromata\android\.gradle\8.3\executionHistory)" [_thread_blocked, id=16404, stack(0x00000074d4300000,0x00000074d4400000)]

Other Threads:
  0x000001c4be2037e0 VMThread "VM Thread" [stack: 0x00000074cc500000,0x00000074cc600000] [id=2228]
  0x000001c4a021ded0 WatcherThread [stack: 0x00000074cd100000,0x00000074cd200000] [id=15184]
  0x000001c4a0278c00 GCTaskThread "GC Thread#0" [stack: 0x00000074cc000000,0x00000074cc100000] [id=2284]
  0x000001c4be7356c0 GCTaskThread "GC Thread#1" [stack: 0x00000074cd300000,0x00000074cd400000] [id=12876]
  0x000001c4be743f50 GCTaskThread "GC Thread#2" [stack: 0x00000074cd400000,0x00000074cd500000] [id=10700]
  0x000001c4bed84c30 GCTaskThread "GC Thread#3" [stack: 0x00000074cd500000,0x00000074cd600000] [id=14964]
  0x000001c4de0b2e80 GCTaskThread "GC Thread#4" [stack: 0x00000074cd600000,0x00000074cd700000] [id=14976]
  0x000001c4df634bc0 GCTaskThread "GC Thread#5" [stack: 0x00000074ce300000,0x00000074ce400000] [id=10148]
  0x000001c4a0289a60 ConcurrentGCThread "G1 Main Marker" [stack: 0x00000074cc100000,0x00000074cc200000] [id=11872]
  0x000001c4a028ab20 ConcurrentGCThread "G1 Conc#0" [stack: 0x00000074cc200000,0x00000074cc300000] [id=9512]
  0x000001c4e09c1080 ConcurrentGCThread "G1 Conc#1" [stack: 0x00000074cea00000,0x00000074ceb00000] [id=16528]
  0x000001c4a02d8050 ConcurrentGCThread "G1 Refine#0" [stack: 0x00000074cc300000,0x00000074cc400000] [id=9424]
  0x000001c4a02d8990 ConcurrentGCThread "G1 Service" [stack: 0x00000074cc400000,0x00000074cc500000] [id=11028]

Threads with active compile tasks:
C2 CompilerThread0   130633 15256       4       org.gradle.cache.internal.AsyncCacheAccessDecoratedCache$$Lambda$511/0x000001c4c047be68::create (12 bytes)

VM state: not at safepoint (normal execution)

VM Mutex/Monitor currently owned by a thread: None

Heap address: 0x0000000080000000, size: 2048 MB, Compressed Oops mode: 32-bit

CDS archive(s) mapped at: [0x000001c4bf000000-0x000001c4bfbd0000-0x000001c4bfbd0000), size 12386304, SharedBaseAddress: 0x000001c4bf000000, ArchiveRelocationMode: 1.
Compressed class space mapped at: 0x000001c4c0000000-0x000001c4da000000, reserved size: 436207616
Narrow klass base: 0x000001c4bf000000, Narrow klass shift: 0, Narrow klass range: 0x100000000

GC Precious Log:
 CPUs: 6 total, 6 available
 Memory: 8136M
 Large Page Support: Disabled
 NUMA Support: Disabled
 Compressed Oops: Enabled (32-bit)
 Heap Region Size: 1M
 Heap Min Capacity: 8M
 Heap Initial Capacity: 128M
 Heap Max Capacity: 2G
 Pre-touch: Disabled
 Parallel Workers: 6
 Concurrent Workers: 2
 Concurrent Refinement Workers: 6
 Periodic GC: Disabled

Heap:
 garbage-first heap   total 240640K, used 185253K [0x0000000080000000, 0x0000000100000000)
  region size 1024K, 13 young (13312K), 4 survivors (4096K)
 Metaspace       used 99342K, committed 100416K, reserved 557056K
  class space    used 13873K, committed 14400K, reserved 425984K

Heap Regions: E=young(eden), S=young(survivor), O=old, HS=humongous(starts), HC=humongous(continues), CS=collection set, F=free, OA=open archive, CA=closed archive, TAMS=top-at-mark-start (previous, next)
|   0|0x0000000080000000, 0x0000000080100000, 0x0000000080100000|100%|HS|  |TAMS 0x0000000080100000, 0x0000000080000000| Complete 
|   1|0x0000000080100000, 0x0000000080200000, 0x0000000080200000|100%|HC|  |TAMS 0x0000000080200000, 0x0000000080100000| Complete 
|   2|0x0000000080200000, 0x0000000080300000, 0x0000000080300000|100%|HC|  |TAMS 0x0000000080300000, 0x0000000080200000| Complete 
|   3|0x0000000080300000, 0x0000000080400000, 0x0000000080400000|100%|HC|  |TAMS 0x0000000080400000, 0x0000000080300000| Complete 
|   4|0x0000000080400000, 0x0000000080500000, 0x0000000080500000|100%| O|  |TAMS 0x0000000080500000, 0x0000000080400000| Untracked 
|   5|0x0000000080500000, 0x0000000080600000, 0x0000000080600000|100%| O|  |TAMS 0x0000000080600000, 0x0000000080500000| Untracked 
|   6|0x0000000080600000, 0x0000000080700000, 0x0000000080700000|100%| O|  |TAMS 0x0000000080700000, 0x0000000080600000| Untracked 
|   7|0x0000000080700000, 0x0000000080800000, 0x0000000080800000|100%| O|  |TAMS 0x0000000080800000, 0x0000000080700000| Untracked 
|   8|0x0000000080800000, 0x0000000080900000, 0x0000000080900000|100%| O|  |TAMS 0x0000000080900000, 0x0000000080800000| Untracked 
|   9|0x0000000080900000, 0x0000000080a00000, 0x0000000080a00000|100%|HS|  |TAMS 0x0000000080a00000, 0x0000000080900000| Complete 
|  10|0x0000000080a00000, 0x0000000080b00000, 0x0000000080b00000|100%| O|  |TAMS 0x0000000080b00000, 0x0000000080a00000| Untracked 
|  11|0x0000000080b00000, 0x0000000080c00000, 0x0000000080c00000|100%| O|  |TAMS 0x0000000080c00000, 0x0000000080b00000| Untracked 
|  12|0x0000000080c00000, 0x0000000080d00000, 0x0000000080d00000|100%| O|  |TAMS 0x0000000080d00000, 0x0000000080c00000| Untracked 
|  13|0x0000000080d00000, 0x0000000080e00000, 0x0000000080e00000|100%| O|  |TAMS 0x0000000080e00000, 0x0000000080d00000| Untracked 
|  14|0x0000000080e00000, 0x0000000080f00000, 0x0000000080f00000|100%| O|  |TAMS 0x0000000080f00000, 0x0000000080e00000| Untracked 
|  15|0x0000000080f00000, 0x0000000081000000, 0x0000000081000000|100%| O|  |TAMS 0x0000000081000000, 0x0000000080f00000| Untracked 
|  16|0x0000000081000000, 0x0000000081100000, 0x0000000081100000|100%| O|  |TAMS 0x0000000081100000, 0x0000000081000000| Untracked 
|  17|0x0000000081100000, 0x0000000081200000, 0x0000000081200000|100%| O|  |TAMS 0x0000000081200000, 0x0000000081100000| Untracked 
|  18|0x0000000081200000, 0x0000000081300000, 0x0000000081300000|100%| O|  |TAMS 0x0000000081300000, 0x0000000081200000| Untracked 
|  19|0x0000000081300000, 0x0000000081400000, 0x0000000081400000|100%| O|  |TAMS 0x0000000081400000, 0x0000000081300000| Untracked 
|  20|0x0000000081400000, 0x0000000081500000, 0x0000000081500000|100%| O|  |TAMS 0x0000000081500000, 0x0000000081400000| Untracked 
|  21|0x0000000081500000, 0x0000000081600000, 0x0000000081600000|100%| O|  |TAMS 0x0000000081600000, 0x0000000081500000| Untracked 
|  22|0x0000000081600000, 0x0000000081700000, 0x0000000081700000|100%| O|  |TAMS 0x0000000081700000, 0x0000000081600000| Untracked 
|  23|0x0000000081700000, 0x0000000081800000, 0x0000000081800000|100%| O|  |TAMS 0x0000000081800000, 0x0000000081700000| Untracked 
|  24|0x0000000081800000, 0x0000000081900000, 0x0000000081900000|100%| O|  |TAMS 0x0000000081900000, 0x0000000081800000| Untracked 
|  25|0x0000000081900000, 0x0000000081a00000, 0x0000000081a00000|100%| O|  |TAMS 0x0000000081a00000, 0x0000000081900000| Untracked 
|  26|0x0000000081a00000, 0x0000000081b00000, 0x0000000081b00000|100%| O|  |TAMS 0x0000000081b00000, 0x0000000081a00000| Untracked 
|  27|0x0000000081b00000, 0x0000000081c00000, 0x0000000081c00000|100%|HS|  |TAMS 0x0000000081c00000, 0x0000000081b00000| Complete 
|  28|0x0000000081c00000, 0x0000000081d00000, 0x0000000081d00000|100%|HC|  |TAMS 0x0000000081d00000, 0x0000000081c00000| Complete 
|  29|0x0000000081d00000, 0x0000000081e00000, 0x0000000081e00000|100%|HS|  |TAMS 0x0000000081e00000, 0x0000000081d00000| Complete 
|  30|0x0000000081e00000, 0x0000000081f00000, 0x0000000081f00000|100%|HC|  |TAMS 0x0000000081f00000, 0x0000000081e00000| Complete 
|  31|0x0000000081f00000, 0x0000000082000000, 0x0000000082000000|100%| O|  |TAMS 0x0000000082000000, 0x0000000081f00000| Untracked 
|  32|0x0000000082000000, 0x0000000082100000, 0x0000000082100000|100%| O|  |TAMS 0x0000000082100000, 0x0000000082000000| Untracked 
|  33|0x0000000082100000, 0x0000000082200000, 0x0000000082200000|100%| O|  |TAMS 0x0000000082200000, 0x0000000082100000| Untracked 
|  34|0x0000000082200000, 0x0000000082300000, 0x0000000082300000|100%| O|  |TAMS 0x0000000082300000, 0x0000000082200000| Untracked 
|  35|0x0000000082300000, 0x0000000082400000, 0x0000000082400000|100%| O|  |TAMS 0x0000000082400000, 0x0000000082300000| Untracked 
|  36|0x0000000082400000, 0x0000000082500000, 0x0000000082500000|100%| O|  |TAMS 0x0000000082500000, 0x0000000082400000| Untracked 
|  37|0x0000000082500000, 0x0000000082600000, 0x0000000082600000|100%| O|  |TAMS 0x0000000082600000, 0x0000000082500000| Untracked 
|  38|0x0000000082600000, 0x0000000082700000, 0x0000000082700000|100%|HS|  |TAMS 0x0000000082700000, 0x0000000082600000| Complete 
|  39|0x0000000082700000, 0x0000000082800000, 0x0000000082800000|100%|HC|  |TAMS 0x0000000082800000, 0x0000000082700000| Complete 
|  40|0x0000000082800000, 0x0000000082900000, 0x0000000082900000|100%|HC|  |TAMS 0x0000000082900000, 0x0000000082800000| Complete 
|  41|0x0000000082900000, 0x0000000082a00000, 0x0000000082a00000|100%|HC|  |TAMS 0x0000000082a00000, 0x0000000082900000| Complete 
|  42|0x0000000082a00000, 0x0000000082b00000, 0x0000000082b00000|100%| O|  |TAMS 0x0000000082b00000, 0x0000000082a00000| Untracked 
|  43|0x0000000082b00000, 0x0000000082c00000, 0x0000000082c00000|100%| O|  |TAMS 0x0000000082c00000, 0x0000000082b00000| Untracked 
|  44|0x0000000082c00000, 0x0000000082d00000, 0x0000000082d00000|100%| O|  |TAMS 0x0000000082d00000, 0x0000000082c00000| Untracked 
|  45|0x0000000082d00000, 0x0000000082e00000, 0x0000000082e00000|100%| O|  |TAMS 0x0000000082e00000, 0x0000000082d00000| Untracked 
|  46|0x0000000082e00000, 0x0000000082f00000, 0x0000000082f00000|100%| O|  |TAMS 0x0000000082f00000, 0x0000000082e00000| Untracked 
|  47|0x0000000082f00000, 0x0000000083000000, 0x0000000083000000|100%| O|  |TAMS 0x0000000083000000, 0x0000000082f00000| Untracked 
|  48|0x0000000083000000, 0x0000000083100000, 0x0000000083100000|100%| O|  |TAMS 0x0000000083100000, 0x0000000083000000| Untracked 
|  49|0x0000000083100000, 0x0000000083200000, 0x0000000083200000|100%|HS|  |TAMS 0x0000000083200000, 0x0000000083100000| Complete 
|  50|0x0000000083200000, 0x0000000083300000, 0x0000000083300000|100%|HC|  |TAMS 0x0000000083300000, 0x0000000083200000| Complete 
|  51|0x0000000083300000, 0x0000000083400000, 0x0000000083400000|100%|HC|  |TAMS 0x0000000083400000, 0x0000000083300000| Complete 
|  52|0x0000000083400000, 0x0000000083500000, 0x0000000083500000|100%|HC|  |TAMS 0x0000000083500000, 0x0000000083400000| Complete 
|  53|0x0000000083500000, 0x0000000083600000, 0x0000000083600000|100%| O|  |TAMS 0x0000000083600000, 0x0000000083500000| Untracked 
|  54|0x0000000083600000, 0x0000000083700000, 0x0000000083700000|100%| O|  |TAMS 0x0000000083700000, 0x0000000083600000| Untracked 
|  55|0x0000000083700000, 0x0000000083800000, 0x0000000083800000|100%| O|  |TAMS 0x0000000083800000, 0x0000000083700000| Untracked 
|  56|0x0000000083800000, 0x0000000083900000, 0x0000000083900000|100%| O|  |TAMS 0x0000000083900000, 0x0000000083800000| Untracked 
|  57|0x0000000083900000, 0x0000000083a00000, 0x0000000083a00000|100%| O|  |TAMS 0x0000000083a00000, 0x0000000083900000| Untracked 
|  58|0x0000000083a00000, 0x0000000083b00000, 0x0000000083b00000|100%| O|  |TAMS 0x0000000083b00000, 0x0000000083a00000| Untracked 
|  59|0x0000000083b00000, 0x0000000083c00000, 0x0000000083c00000|100%| O|  |TAMS 0x0000000083c00000, 0x0000000083b00000| Untracked 
|  60|0x0000000083c00000, 0x0000000083d00000, 0x0000000083d00000|100%|HS|  |TAMS 0x0000000083d00000, 0x0000000083c00000| Complete 
|  61|0x0000000083d00000, 0x0000000083e00000, 0x0000000083e00000|100%| O|  |TAMS 0x0000000083e00000, 0x0000000083d00000| Untracked 
|  62|0x0000000083e00000, 0x0000000083f00000, 0x0000000083f00000|100%| O|  |TAMS 0x0000000083f00000, 0x0000000083e00000| Untracked 
|  63|0x0000000083f00000, 0x0000000084000000, 0x0000000084000000|100%| O|  |TAMS 0x0000000084000000, 0x0000000083f00000| Untracked 
|  64|0x0000000084000000, 0x0000000084100000, 0x0000000084100000|100%| O|  |TAMS 0x0000000084100000, 0x0000000084000000| Untracked 
|  65|0x0000000084100000, 0x0000000084200000, 0x0000000084200000|100%| O|  |TAMS 0x0000000084200000, 0x0000000084100000| Untracked 
|  66|0x0000000084200000, 0x0000000084300000, 0x0000000084300000|100%| O|  |TAMS 0x0000000084300000, 0x0000000084200000| Untracked 
|  67|0x0000000084300000, 0x0000000084400000, 0x0000000084400000|100%|HS|  |TAMS 0x0000000084400000, 0x0000000084300000| Complete 
|  68|0x0000000084400000, 0x0000000084500000, 0x0000000084500000|100%|HS|  |TAMS 0x0000000084500000, 0x0000000084400000| Complete 
|  69|0x0000000084500000, 0x0000000084600000, 0x0000000084600000|100%| O|  |TAMS 0x0000000084600000, 0x0000000084500000| Untracked 
|  70|0x0000000084600000, 0x0000000084700000, 0x0000000084700000|100%|HS|  |TAMS 0x0000000084700000, 0x0000000084600000| Complete 
|  71|0x0000000084700000, 0x0000000084800000, 0x0000000084800000|100%| O|  |TAMS 0x0000000084800000, 0x0000000084700000| Untracked 
|  72|0x0000000084800000, 0x0000000084900000, 0x0000000084900000|100%| O|  |TAMS 0x0000000084900000, 0x0000000084800000| Untracked 
|  73|0x0000000084900000, 0x0000000084a00000, 0x0000000084a00000|100%| O|  |TAMS 0x0000000084a00000, 0x0000000084900000| Untracked 
|  74|0x0000000084a00000, 0x0000000084b00000, 0x0000000084b00000|100%| O|  |TAMS 0x0000000084b00000, 0x0000000084a00000| Untracked 
|  75|0x0000000084b00000, 0x0000000084c00000, 0x0000000084c00000|100%| O|  |TAMS 0x0000000084c00000, 0x0000000084b00000| Untracked 
|  76|0x0000000084c00000, 0x0000000084d00000, 0x0000000084d00000|100%| O|  |TAMS 0x0000000084d00000, 0x0000000084c00000| Untracked 
|  77|0x0000000084d00000, 0x0000000084e00000, 0x0000000084e00000|100%| O|  |TAMS 0x0000000084e00000, 0x0000000084d00000| Untracked 
|  78|0x0000000084e00000, 0x0000000084f00000, 0x0000000084f00000|100%| O|  |TAMS 0x0000000084f00000, 0x0000000084e00000| Untracked 
|  79|0x0000000084f00000, 0x0000000085000000, 0x0000000085000000|100%| O|  |TAMS 0x0000000085000000, 0x0000000084f00000| Untracked 
|  80|0x0000000085000000, 0x0000000085100000, 0x0000000085100000|100%| O|  |TAMS 0x0000000085100000, 0x0000000085000000| Untracked 
|  81|0x0000000085100000, 0x0000000085200000, 0x0000000085200000|100%| O|  |TAMS 0x0000000085200000, 0x0000000085100000| Untracked 
|  82|0x0000000085200000, 0x0000000085300000, 0x0000000085300000|100%| O|  |TAMS 0x0000000085300000, 0x0000000085200000| Untracked 
|  83|0x0000000085300000, 0x0000000085400000, 0x0000000085400000|100%| O|  |TAMS 0x0000000085400000, 0x0000000085300000| Untracked 
|  84|0x0000000085400000, 0x0000000085500000, 0x0000000085500000|100%| O|  |TAMS 0x0000000085500000, 0x0000000085400000| Untracked 
|  85|0x0000000085500000, 0x0000000085600000, 0x0000000085600000|100%| O|  |TAMS 0x0000000085600000, 0x0000000085500000| Untracked 
|  86|0x0000000085600000, 0x0000000085700000, 0x0000000085700000|100%| O|  |TAMS 0x0000000085700000, 0x0000000085600000| Untracked 
|  87|0x0000000085700000, 0x0000000085800000, 0x0000000085800000|100%| O|  |TAMS 0x0000000085800000, 0x0000000085700000| Untracked 
|  88|0x0000000085800000, 0x0000000085900000, 0x0000000085900000|100%| O|  |TAMS 0x0000000085900000, 0x0000000085800000| Untracked 
|  89|0x0000000085900000, 0x0000000085a00000, 0x0000000085a00000|100%| O|  |TAMS 0x0000000085a00000, 0x0000000085900000| Untracked 
|  90|0x0000000085a00000, 0x0000000085b00000, 0x0000000085b00000|100%| O|  |TAMS 0x0000000085b00000, 0x0000000085a00000| Untracked 
|  91|0x0000000085b00000, 0x0000000085c00000, 0x0000000085c00000|100%| O|  |TAMS 0x0000000085c00000, 0x0000000085b00000| Untracked 
|  92|0x0000000085c00000, 0x0000000085d00000, 0x0000000085d00000|100%| O|  |TAMS 0x0000000085d00000, 0x0000000085c00000| Untracked 
|  93|0x0000000085d00000, 0x0000000085e00000, 0x0000000085e00000|100%| O|  |TAMS 0x0000000085e00000, 0x0000000085d00000| Untracked 
|  94|0x0000000085e00000, 0x0000000085f00000, 0x0000000085f00000|100%| O|  |TAMS 0x0000000085f00000, 0x0000000085e00000| Untracked 
|  95|0x0000000085f00000, 0x0000000086000000, 0x0000000086000000|100%| O|  |TAMS 0x0000000086000000, 0x0000000085f00000| Untracked 
|  96|0x0000000086000000, 0x0000000086100000, 0x0000000086100000|100%| O|  |TAMS 0x0000000086100000, 0x0000000086000000| Untracked 
|  97|0x0000000086100000, 0x0000000086200000, 0x0000000086200000|100%|HS|  |TAMS 0x0000000086200000, 0x0000000086100000| Complete 
|  98|0x0000000086200000, 0x0000000086300000, 0x0000000086300000|100%|HS|  |TAMS 0x0000000086300000, 0x0000000086200000| Complete 
|  99|0x0000000086300000, 0x0000000086400000, 0x0000000086400000|100%| O|  |TAMS 0x0000000086400000, 0x0000000086300000| Untracked 
| 100|0x0000000086400000, 0x0000000086500000, 0x0000000086500000|100%| O|  |TAMS 0x0000000086500000, 0x0000000086400000| Untracked 
| 101|0x0000000086500000, 0x0000000086600000, 0x0000000086600000|100%| O|  |TAMS 0x0000000086600000, 0x0000000086500000| Untracked 
| 102|0x0000000086600000, 0x0000000086700000, 0x0000000086700000|100%| O|  |TAMS 0x0000000086700000, 0x0000000086600000| Untracked 
| 103|0x0000000086700000, 0x0000000086800000, 0x0000000086800000|100%| O|  |TAMS 0x0000000086700000, 0x0000000086700000| Untracked 
| 104|0x0000000086800000, 0x0000000086900000, 0x0000000086900000|100%| O|  |TAMS 0x0000000086900000, 0x0000000086800000| Untracked 
| 105|0x0000000086900000, 0x0000000086a00000, 0x0000000086a00000|100%| O|  |TAMS 0x0000000086a00000, 0x0000000086900000| Untracked 
| 106|0x0000000086a00000, 0x0000000086b00000, 0x0000000086b00000|100%| O|  |TAMS 0x0000000086b00000, 0x0000000086a00000| Untracked 
| 107|0x0000000086b00000, 0x0000000086c00000, 0x0000000086c00000|100%| O|  |TAMS 0x0000000086c00000, 0x0000000086b00000| Untracked 
| 108|0x0000000086c00000, 0x0000000086d00000, 0x0000000086d00000|100%| O|  |TAMS 0x0000000086d00000, 0x0000000086c00000| Untracked 
| 109|0x0000000086d00000, 0x0000000086e00000, 0x0000000086e00000|100%| O|  |TAMS 0x0000000086d00000, 0x0000000086d00000| Untracked 
| 110|0x0000000086e00000, 0x0000000086f00000, 0x0000000086f00000|100%| O|  |TAMS 0x0000000086f00000, 0x0000000086e00000| Untracked 
| 111|0x0000000086f00000, 0x0000000087000000, 0x0000000087000000|100%| O|  |TAMS 0x0000000087000000, 0x0000000086f00000| Untracked 
| 112|0x0000000087000000, 0x0000000087100000, 0x0000000087100000|100%| O|  |TAMS 0x0000000087100000, 0x0000000087000000| Untracked 
| 113|0x0000000087100000, 0x0000000087200000, 0x0000000087200000|100%|HS|  |TAMS 0x0000000087200000, 0x0000000087100000| Complete 
| 114|0x0000000087200000, 0x0000000087300000, 0x0000000087300000|100%|HC|  |TAMS 0x0000000087300000, 0x0000000087200000| Complete 
| 115|0x0000000087300000, 0x0000000087400000, 0x0000000087400000|100%| O|  |TAMS 0x0000000087400000, 0x0000000087300000| Untracked 
| 116|0x0000000087400000, 0x0000000087500000, 0x0000000087500000|100%| O|  |TAMS 0x0000000087500000, 0x0000000087400000| Untracked 
| 117|0x0000000087500000, 0x0000000087600000, 0x0000000087600000|100%| O|  |TAMS 0x0000000087600000, 0x0000000087500000| Untracked 
| 118|0x0000000087600000, 0x0000000087700000, 0x0000000087700000|100%| O|  |TAMS 0x0000000087700000, 0x0000000087600000| Untracked 
| 119|0x0000000087700000, 0x0000000087800000, 0x0000000087800000|100%| O|  |TAMS 0x0000000087800000, 0x0000000087700000| Untracked 
| 120|0x0000000087800000, 0x0000000087900000, 0x0000000087900000|100%| O|  |TAMS 0x0000000087800000, 0x0000000087800000| Untracked 
| 121|0x0000000087900000, 0x0000000087a00000, 0x0000000087a00000|100%| O|  |TAMS 0x0000000087900000, 0x0000000087900000| Untracked 
| 122|0x0000000087a00000, 0x0000000087b00000, 0x0000000087b00000|100%| O|  |TAMS 0x0000000087b00000, 0x0000000087a00000| Untracked 
| 123|0x0000000087b00000, 0x0000000087c00000, 0x0000000087c00000|100%| O|  |TAMS 0x0000000087c00000, 0x0000000087b00000| Untracked 
| 124|0x0000000087c00000, 0x0000000087d00000, 0x0000000087d00000|100%| O|  |TAMS 0x0000000087d00000, 0x0000000087c00000| Untracked 
| 125|0x0000000087d00000, 0x0000000087e00000, 0x0000000087e00000|100%|HS|  |TAMS 0x0000000087e00000, 0x0000000087d00000| Complete 
| 126|0x0000000087e00000, 0x0000000087f00000, 0x0000000087f00000|100%|HS|  |TAMS 0x0000000087f00000, 0x0000000087e00000| Complete 
| 127|0x0000000087f00000, 0x0000000088000000, 0x0000000088000000|100%| O|  |TAMS 0x0000000088000000, 0x0000000087f00000| Untracked 
| 128|0x0000000088000000, 0x0000000088100000, 0x0000000088100000|100%| O|  |TAMS 0x0000000088100000, 0x0000000088000000| Untracked 
| 129|0x0000000088100000, 0x0000000088200000, 0x0000000088200000|100%| O|  |TAMS 0x0000000088200000, 0x0000000088100000| Untracked 
| 130|0x0000000088200000, 0x0000000088300000, 0x0000000088300000|100%| O|  |TAMS 0x0000000088300000, 0x0000000088200000| Untracked 
| 131|0x0000000088300000, 0x0000000088400000, 0x0000000088400000|100%| O|  |TAMS 0x00000000883e4c00, 0x0000000088300000| Untracked 
| 132|0x0000000088400000, 0x0000000088500000, 0x0000000088500000|100%| O|  |TAMS 0x0000000088400000, 0x0000000088400000| Untracked 
| 133|0x0000000088500000, 0x0000000088600000, 0x0000000088600000|100%| O|  |TAMS 0x0000000088500000, 0x0000000088500000| Untracked 
| 134|0x0000000088600000, 0x0000000088700000, 0x0000000088700000|100%| O|  |TAMS 0x0000000088600000, 0x0000000088600000| Untracked 
| 135|0x0000000088700000, 0x0000000088800000, 0x0000000088800000|100%| O|  |TAMS 0x0000000088700000, 0x0000000088700000| Untracked 
| 136|0x0000000088800000, 0x0000000088900000, 0x0000000088900000|100%|HS|  |TAMS 0x0000000088800000, 0x0000000088800000| Complete 
| 137|0x0000000088900000, 0x0000000088a00000, 0x0000000088a00000|100%|HC|  |TAMS 0x0000000088900000, 0x0000000088900000| Complete 
| 138|0x0000000088a00000, 0x0000000088b00000, 0x0000000088b00000|100%|HS|  |TAMS 0x0000000088a00000, 0x0000000088a00000| Complete 
| 139|0x0000000088b00000, 0x0000000088c00000, 0x0000000088c00000|100%|HC|  |TAMS 0x0000000088b00000, 0x0000000088b00000| Complete 
| 140|0x0000000088c00000, 0x0000000088d00000, 0x0000000088d00000|100%| O|  |TAMS 0x0000000088c00000, 0x0000000088c00000| Untracked 
| 141|0x0000000088d00000, 0x0000000088e00000, 0x0000000088e00000|100%| O|  |TAMS 0x0000000088d00000, 0x0000000088d00000| Untracked 
| 142|0x0000000088e00000, 0x0000000088f00000, 0x0000000088f00000|100%| O|  |TAMS 0x0000000088e00000, 0x0000000088e00000| Untracked 
| 143|0x0000000088f00000, 0x0000000089000000, 0x0000000089000000|100%| O|  |TAMS 0x0000000088f00000, 0x0000000088f00000| Untracked 
| 144|0x0000000089000000, 0x0000000089100000, 0x0000000089100000|100%| O|  |TAMS 0x0000000089000000, 0x0000000089000000| Untracked 
| 145|0x0000000089100000, 0x0000000089200000, 0x0000000089200000|100%| O|  |TAMS 0x0000000089100000, 0x0000000089100000| Untracked 
| 146|0x0000000089200000, 0x0000000089300000, 0x0000000089300000|100%| O|  |TAMS 0x0000000089200000, 0x0000000089200000| Untracked 
| 147|0x0000000089300000, 0x0000000089400000, 0x0000000089400000|100%| O|  |TAMS 0x0000000089300000, 0x0000000089300000| Untracked 
| 148|0x0000000089400000, 0x0000000089500000, 0x0000000089500000|100%| O|  |TAMS 0x0000000089400000, 0x0000000089400000| Untracked 
| 149|0x0000000089500000, 0x0000000089600000, 0x0000000089600000|100%| O|  |TAMS 0x0000000089500000, 0x0000000089500000| Untracked 
| 150|0x0000000089600000, 0x0000000089700000, 0x0000000089700000|100%| O|  |TAMS 0x0000000089600000, 0x0000000089600000| Untracked 
| 151|0x0000000089700000, 0x0000000089800000, 0x0000000089800000|100%| O|  |TAMS 0x0000000089700000, 0x0000000089700000| Untracked 
| 152|0x0000000089800000, 0x0000000089900000, 0x0000000089900000|100%| O|  |TAMS 0x0000000089800000, 0x0000000089800000| Untracked 
| 153|0x0000000089900000, 0x0000000089a00000, 0x0000000089a00000|100%| O|  |TAMS 0x0000000089900000, 0x0000000089900000| Untracked 
| 154|0x0000000089a00000, 0x0000000089b00000, 0x0000000089b00000|100%| O|  |TAMS 0x0000000089a00000, 0x0000000089a00000| Untracked 
| 155|0x0000000089b00000, 0x0000000089c00000, 0x0000000089c00000|100%| O|  |TAMS 0x0000000089b00000, 0x0000000089b00000| Untracked 
| 156|0x0000000089c00000, 0x0000000089d00000, 0x0000000089d00000|100%| O|  |TAMS 0x0000000089c00000, 0x0000000089c00000| Untracked 
| 157|0x0000000089d00000, 0x0000000089e00000, 0x0000000089e00000|100%| O|  |TAMS 0x0000000089d00000, 0x0000000089d00000| Untracked 
| 158|0x0000000089e00000, 0x0000000089f00000, 0x0000000089f00000|100%| O|  |TAMS 0x0000000089e00000, 0x0000000089e00000| Untracked 
| 159|0x0000000089f00000, 0x000000008a000000, 0x000000008a000000|100%| O|  |TAMS 0x0000000089f00000, 0x0000000089f00000| Untracked 
| 160|0x000000008a000000, 0x000000008a100000, 0x000000008a100000|100%| O|  |TAMS 0x000000008a000000, 0x000000008a000000| Untracked 
| 161|0x000000008a100000, 0x000000008a200000, 0x000000008a200000|100%| O|  |TAMS 0x000000008a100000, 0x000000008a100000| Untracked 
| 162|0x000000008a200000, 0x000000008a300000, 0x000000008a300000|100%| O|  |TAMS 0x000000008a200000, 0x000000008a200000| Untracked 
| 163|0x000000008a300000, 0x000000008a400000, 0x000000008a400000|100%| O|  |TAMS 0x000000008a300000, 0x000000008a300000| Untracked 
| 164|0x000000008a400000, 0x000000008a500000, 0x000000008a500000|100%| O|  |TAMS 0x000000008a400000, 0x000000008a400000| Untracked 
| 165|0x000000008a500000, 0x000000008a600000, 0x000000008a600000|100%| O|  |TAMS 0x000000008a500000, 0x000000008a500000| Untracked 
| 166|0x000000008a600000, 0x000000008a700000, 0x000000008a700000|100%| O|  |TAMS 0x000000008a600000, 0x000000008a600000| Untracked 
| 167|0x000000008a700000, 0x000000008a800000, 0x000000008a800000|100%| O|  |TAMS 0x000000008a700000, 0x000000008a700000| Untracked 
| 168|0x000000008a800000, 0x000000008a900000, 0x000000008a900000|100%| O|  |TAMS 0x000000008a800000, 0x000000008a800000| Untracked 
| 169|0x000000008a900000, 0x000000008a9c4000, 0x000000008aa00000| 76%| O|  |TAMS 0x000000008a900000, 0x000000008a900000| Untracked 
| 170|0x000000008aa00000, 0x000000008aa00000, 0x000000008ab00000|  0%| F|  |TAMS 0x000000008aa00000, 0x000000008aa00000| Untracked 
| 171|0x000000008ab00000, 0x000000008ab00000, 0x000000008ac00000|  0%| F|  |TAMS 0x000000008ab00000, 0x000000008ab00000| Untracked 
| 172|0x000000008ac00000, 0x000000008ac00000, 0x000000008ad00000|  0%| F|  |TAMS 0x000000008ac00000, 0x000000008ac00000| Untracked 
| 173|0x000000008ad00000, 0x000000008ad00000, 0x000000008ae00000|  0%| F|  |TAMS 0x000000008ad00000, 0x000000008ad00000| Untracked 
| 174|0x000000008ae00000, 0x000000008ae00000, 0x000000008af00000|  0%| F|  |TAMS 0x000000008ae00000, 0x000000008ae00000| Untracked 
| 175|0x000000008af00000, 0x000000008af00000, 0x000000008b000000|  0%| F|  |TAMS 0x000000008af00000, 0x000000008af00000| Untracked 
| 176|0x000000008b000000, 0x000000008b000000, 0x000000008b100000|  0%| F|  |TAMS 0x000000008b000000, 0x000000008b000000| Untracked 
| 177|0x000000008b100000, 0x000000008b100000, 0x000000008b200000|  0%| F|  |TAMS 0x000000008b100000, 0x000000008b100000| Untracked 
| 178|0x000000008b200000, 0x000000008b200000, 0x000000008b300000|  0%| F|  |TAMS 0x000000008b200000, 0x000000008b200000| Untracked 
| 179|0x000000008b300000, 0x000000008b300000, 0x000000008b400000|  0%| F|  |TAMS 0x000000008b300000, 0x000000008b300000| Untracked 
| 180|0x000000008b400000, 0x000000008b400000, 0x000000008b500000|  0%| F|  |TAMS 0x000000008b400000, 0x000000008b400000| Untracked 
| 181|0x000000008b500000, 0x000000008b500000, 0x000000008b600000|  0%| F|  |TAMS 0x000000008b500000, 0x000000008b500000| Untracked 
| 182|0x000000008b600000, 0x000000008b600000, 0x000000008b700000|  0%| F|  |TAMS 0x000000008b600000, 0x000000008b600000| Untracked 
| 183|0x000000008b700000, 0x000000008b700000, 0x000000008b800000|  0%| F|  |TAMS 0x000000008b700000, 0x000000008b700000| Untracked 
| 184|0x000000008b800000, 0x000000008b800000, 0x000000008b900000|  0%| F|  |TAMS 0x000000008b800000, 0x000000008b800000| Untracked 
| 185|0x000000008b900000, 0x000000008b900000, 0x000000008ba00000|  0%| F|  |TAMS 0x000000008b900000, 0x000000008b900000| Untracked 
| 186|0x000000008ba00000, 0x000000008ba00000, 0x000000008bb00000|  0%| F|  |TAMS 0x000000008ba00000, 0x000000008ba00000| Untracked 
| 187|0x000000008bb00000, 0x000000008bb00000, 0x000000008bc00000|  0%| F|  |TAMS 0x000000008bb00000, 0x000000008bb00000| Untracked 
| 188|0x000000008bc00000, 0x000000008bc00000, 0x000000008bd00000|  0%| F|  |TAMS 0x000000008bc00000, 0x000000008bc00000| Untracked 
| 189|0x000000008bd00000, 0x000000008bd00000, 0x000000008be00000|  0%| F|  |TAMS 0x000000008bd00000, 0x000000008bd00000| Untracked 
| 190|0x000000008be00000, 0x000000008be00000, 0x000000008bf00000|  0%| F|  |TAMS 0x000000008be00000, 0x000000008be00000| Untracked 
| 191|0x000000008bf00000, 0x000000008bf00000, 0x000000008c000000|  0%| F|  |TAMS 0x000000008bf00000, 0x000000008bf00000| Untracked 
| 192|0x000000008c000000, 0x000000008c000000, 0x000000008c100000|  0%| F|  |TAMS 0x000000008c000000, 0x000000008c000000| Untracked 
| 193|0x000000008c100000, 0x000000008c100000, 0x000000008c200000|  0%| F|  |TAMS 0x000000008c100000, 0x000000008c100000| Untracked 
| 194|0x000000008c200000, 0x000000008c200000, 0x000000008c300000|  0%| F|  |TAMS 0x000000008c200000, 0x000000008c200000| Untracked 
| 195|0x000000008c300000, 0x000000008c300000, 0x000000008c400000|  0%| F|  |TAMS 0x000000008c300000, 0x000000008c300000| Untracked 
| 196|0x000000008c400000, 0x000000008c400000, 0x000000008c500000|  0%| F|  |TAMS 0x000000008c400000, 0x000000008c400000| Untracked 
| 197|0x000000008c500000, 0x000000008c500000, 0x000000008c600000|  0%| F|  |TAMS 0x000000008c500000, 0x000000008c500000| Untracked 
| 198|0x000000008c600000, 0x000000008c600000, 0x000000008c700000|  0%| F|  |TAMS 0x000000008c600000, 0x000000008c600000| Untracked 
| 199|0x000000008c700000, 0x000000008c700000, 0x000000008c800000|  0%| F|  |TAMS 0x000000008c700000, 0x000000008c700000| Untracked 
| 200|0x000000008c800000, 0x000000008c800000, 0x000000008c900000|  0%| F|  |TAMS 0x000000008c800000, 0x000000008c800000| Untracked 
| 201|0x000000008c900000, 0x000000008c900000, 0x000000008ca00000|  0%| F|  |TAMS 0x000000008c900000, 0x000000008c900000| Untracked 
| 202|0x000000008ca00000, 0x000000008ca00000, 0x000000008cb00000|  0%| F|  |TAMS 0x000000008ca00000, 0x000000008ca00000| Untracked 
| 203|0x000000008cb00000, 0x000000008cb25688, 0x000000008cc00000| 14%| S|CS|TAMS 0x000000008cb00000, 0x000000008cb00000| Complete 
| 204|0x000000008cc00000, 0x000000008cd00000, 0x000000008cd00000|100%| S|CS|TAMS 0x000000008cc00000, 0x000000008cc00000| Complete 
| 205|0x000000008cd00000, 0x000000008ce00000, 0x000000008ce00000|100%| S|CS|TAMS 0x000000008cd00000, 0x000000008cd00000| Complete 
| 206|0x000000008ce00000, 0x000000008cf00000, 0x000000008cf00000|100%| S|CS|TAMS 0x000000008ce00000, 0x000000008ce00000| Complete 
| 207|0x000000008cf00000, 0x000000008cf00000, 0x000000008d000000|  0%| F|  |TAMS 0x000000008cf00000, 0x000000008cf00000| Untracked 
| 208|0x000000008d000000, 0x000000008d000000, 0x000000008d100000|  0%| F|  |TAMS 0x000000008d000000, 0x000000008d000000| Untracked 
| 209|0x000000008d100000, 0x000000008d100000, 0x000000008d200000|  0%| F|  |TAMS 0x000000008d100000, 0x000000008d100000| Untracked 
| 210|0x000000008d200000, 0x000000008d200000, 0x000000008d300000|  0%| F|  |TAMS 0x000000008d200000, 0x000000008d200000| Untracked 
| 211|0x000000008d300000, 0x000000008d300000, 0x000000008d400000|  0%| F|  |TAMS 0x000000008d300000, 0x000000008d300000| Untracked 
| 212|0x000000008d400000, 0x000000008d400000, 0x000000008d500000|  0%| F|  |TAMS 0x000000008d400000, 0x000000008d400000| Untracked 
| 213|0x000000008d500000, 0x000000008d500000, 0x000000008d600000|  0%| F|  |TAMS 0x000000008d500000, 0x000000008d500000| Untracked 
| 214|0x000000008d600000, 0x000000008d600000, 0x000000008d700000|  0%| F|  |TAMS 0x000000008d600000, 0x000000008d600000| Untracked 
| 215|0x000000008d700000, 0x000000008d700000, 0x000000008d800000|  0%| F|  |TAMS 0x000000008d700000, 0x000000008d700000| Untracked 
| 216|0x000000008d800000, 0x000000008d800000, 0x000000008d900000|  0%| F|  |TAMS 0x000000008d800000, 0x000000008d800000| Untracked 
| 217|0x000000008d900000, 0x000000008d900000, 0x000000008da00000|  0%| F|  |TAMS 0x000000008d900000, 0x000000008d900000| Untracked 
| 218|0x000000008da00000, 0x000000008da00000, 0x000000008db00000|  0%| F|  |TAMS 0x000000008da00000, 0x000000008da00000| Untracked 
| 219|0x000000008db00000, 0x000000008db00000, 0x000000008dc00000|  0%| F|  |TAMS 0x000000008db00000, 0x000000008db00000| Untracked 
| 220|0x000000008dc00000, 0x000000008dc00000, 0x000000008dd00000|  0%| F|  |TAMS 0x000000008dc00000, 0x000000008dc00000| Untracked 
| 221|0x000000008dd00000, 0x000000008dd00000, 0x000000008de00000|  0%| F|  |TAMS 0x000000008dd00000, 0x000000008dd00000| Untracked 
| 222|0x000000008de00000, 0x000000008de00000, 0x000000008df00000|  0%| F|  |TAMS 0x000000008de00000, 0x000000008de00000| Untracked 
| 223|0x000000008df00000, 0x000000008df00000, 0x000000008e000000|  0%| F|  |TAMS 0x000000008df00000, 0x000000008df00000| Untracked 
| 224|0x000000008e000000, 0x000000008e000000, 0x000000008e100000|  0%| F|  |TAMS 0x000000008e000000, 0x000000008e000000| Untracked 
| 225|0x000000008e100000, 0x000000008e100000, 0x000000008e200000|  0%| F|  |TAMS 0x000000008e100000, 0x000000008e100000| Untracked 
| 226|0x000000008e200000, 0x000000008e2b2fc0, 0x000000008e300000| 69%| E|  |TAMS 0x000000008e200000, 0x000000008e200000| Complete 
| 227|0x000000008e300000, 0x000000008e400000, 0x000000008e400000|100%| E|CS|TAMS 0x000000008e300000, 0x000000008e300000| Complete 
| 228|0x000000008e400000, 0x000000008e500000, 0x000000008e500000|100%| E|CS|TAMS 0x000000008e400000, 0x000000008e400000| Complete 
| 229|0x000000008e500000, 0x000000008e600000, 0x000000008e600000|100%| E|CS|TAMS 0x000000008e500000, 0x000000008e500000| Complete 
| 230|0x000000008e600000, 0x000000008e700000, 0x000000008e700000|100%| E|CS|TAMS 0x000000008e600000, 0x000000008e600000| Complete 
| 231|0x000000008e700000, 0x000000008e800000, 0x000000008e800000|100%| E|CS|TAMS 0x000000008e700000, 0x000000008e700000| Complete 
| 232|0x000000008e800000, 0x000000008e900000, 0x000000008e900000|100%| E|CS|TAMS 0x000000008e800000, 0x000000008e800000| Complete 
| 233|0x000000008e900000, 0x000000008ea00000, 0x000000008ea00000|100%| E|CS|TAMS 0x000000008e900000, 0x000000008e900000| Complete 
| 234|0x000000008ea00000, 0x000000008eb00000, 0x000000008eb00000|100%| E|CS|TAMS 0x000000008ea00000, 0x000000008ea00000| Complete 

Card table byte_map: [0x000001c4b7230000,0x000001c4b7630000] _byte_map_base: 0x000001c4b6e30000

Marking Bits (Prev, Next): (CMBitMap*) 0x000001c4a0279130, (CMBitMap*) 0x000001c4a0279170
 Prev Bits: [0x000001c4b7a30000, 0x000001c4b9a30000)
 Next Bits: [0x000001c4b9a30000, 0x000001c4bba30000)

Polling page: 0x000001c49f9e0000

Metaspace:

Usage:
  Non-class:     83.47 MB used.
      Class:     13.55 MB used.
       Both:     97.01 MB used.

Virtual space:
  Non-class space:      128.00 MB reserved,      84.00 MB ( 66%) committed,  2 nodes.
      Class space:      416.00 MB reserved,      14.06 MB (  3%) committed,  1 nodes.
             Both:      544.00 MB reserved,      98.06 MB ( 18%) committed. 

Chunk freelists:
   Non-Class:  11.94 MB
       Class:  1.97 MB
        Both:  13.91 MB

MaxMetaspaceSize: 512.00 MB
CompressedClassSpaceSize: 416.00 MB
Initial GC threshold: 21.00 MB
Current GC threshold: 147.31 MB
CDS: on
MetaspaceReclaimPolicy: balanced
 - commit_granule_bytes: 65536.
 - commit_granule_words: 8192.
 - virtual_space_node_default_size: 8388608.
 - enlarge_chunks_in_place: 1.
 - new_chunks_are_fully_committed: 0.
 - uncommit_free_chunks: 1.
 - use_allocation_guard: 0.
 - handle_deallocations: 1.


Internal statistics:

num_allocs_failed_limit: 6.
num_arena_births: 1360.
num_arena_deaths: 0.
num_vsnodes_births: 3.
num_vsnodes_deaths: 0.
num_space_committed: 1569.
num_space_uncommitted: 0.
num_chunks_returned_to_freelist: 6.
num_chunks_taken_from_freelist: 5767.
num_chunk_merges: 6.
num_chunk_splits: 3707.
num_chunks_enlarged: 2322.
num_inconsistent_stats: 0.

CodeHeap 'non-profiled nmethods': size=120000Kb used=8157Kb max_used=8214Kb free=111842Kb
 bounds [0x000001c4af7f0000, 0x000001c4b0020000, 0x000001c4b6d20000]
CodeHeap 'profiled nmethods': size=120000Kb used=24183Kb max_used=26437Kb free=95816Kb
 bounds [0x000001c4a7d20000, 0x000001c4a9700000, 0x000001c4af250000]
CodeHeap 'non-nmethods': size=5760Kb used=2396Kb max_used=2482Kb free=3363Kb
 bounds [0x000001c4af250000, 0x000001c4af4f0000, 0x000001c4af7f0000]
 total_blobs=13766 nmethods=12836 adapters=841
 compilation: enabled
              stopped_count=0, restarted_count=0
 full_count=0

Compilation events (20 events):
Event: 130.280 Thread 0x000001c4be2284f0 nmethod 15247 0x000001c4af903b10 code [0x000001c4af903ca0, 0x000001c4af903e28]
Event: 130.280 Thread 0x000001c4be2284f0 15248   !   4       sun.nio.fs.WindowsFileAttributes::toFileTime (47 bytes)
Event: 130.281 Thread 0x000001c4be2284f0 nmethod 15248 0x000001c4afebc790 code [0x000001c4afebc920, 0x000001c4afebca88]
Event: 130.281 Thread 0x000001c4be2284f0 15249       4       com.google.common.cache.LocalCache$LocalManualCache$1::load (10 bytes)
Event: 130.297 Thread 0x000001c4be2284f0 nmethod 15249 0x000001c4afea2090 code [0x000001c4afea22c0, 0x000001c4afea2fc0]
Event: 130.305 Thread 0x000001c4be2284f0 15250   !   4       com.google.common.cache.LocalCache$Segment::runLockedCleanup (39 bytes)
Event: 130.329 Thread 0x000001c4be2284f0 nmethod 15250 0x000001c4afd17410 code [0x000001c4afd17640, 0x000001c4afd18650]
Event: 130.329 Thread 0x000001c4be2284f0 15251       4       com.google.common.cache.LocalCache$Segment::expireEntries (113 bytes)
Event: 130.342 Thread 0x000001c4be2284f0 nmethod 15251 0x000001c4aff27590 code [0x000001c4aff27780, 0x000001c4aff282b8]
Event: 130.364 Thread 0x000001c4be2284f0 15252       4       java.nio.file.attribute.FileTime::toMillis (98 bytes)
Event: 130.365 Thread 0x000001c4be2284f0 nmethod 15252 0x000001c4af903710 code [0x000001c4af903880, 0x000001c4af9039d8]
Event: 130.365 Thread 0x000001c4be2284f0 15253       4       java.nio.file.Path::toFile (36 bytes)
Event: 130.371 Thread 0x000001c4be2284f0 nmethod 15253 0x000001c4afebba90 code [0x000001c4afebbc60, 0x000001c4afebc248]
Event: 130.371 Thread 0x000001c4be2284f0 15254       4       jdk.internal.misc.Unsafe::checkOffset (32 bytes)
Event: 130.371 Thread 0x000001c4be2284f0 nmethod 15254 0x000001c4aff27190 code [0x000001c4aff27300, 0x000001c4aff27398]
Event: 130.379 Thread 0x000001c4be2284f0 15255       4       org.gradle.cache.internal.ExclusiveCacheAccessingWorker$1::call (10 bytes)
Event: 130.495 Thread 0x000001c4be2284f0 nmethod 15255 0x000001c4afe7da90 code [0x000001c4afe7de60, 0x000001c4afe82838]
Event: 130.496 Thread 0x000001c4be2284f0 15257       4       java.util.ArrayDeque::removeFirst (19 bytes)
Event: 130.497 Thread 0x000001c4be2284f0 nmethod 15257 0x000001c4afebb510 code [0x000001c4afebb680, 0x000001c4afebb7b8]
Event: 130.497 Thread 0x000001c4be2284f0 15256       4       org.gradle.cache.internal.AsyncCacheAccessDecoratedCache$$Lambda$511/0x000001c4c047be68::create (12 bytes)

GC Heap History (20 events):
Event: 122.194 GC heap before
{Heap before GC invocations=54 (full 0):
 garbage-first heap   total 240640K, used 152815K [0x0000000080000000, 0x0000000100000000)
  region size 1024K, 11 young (11264K), 2 survivors (2048K)
 Metaspace       used 89653K, committed 90560K, reserved 557056K
  class space    used 12628K, committed 13056K, reserved 425984K
}
Event: 122.198 GC heap after
{Heap after GC invocations=55 (full 0):
 garbage-first heap   total 240640K, used 148554K [0x0000000080000000, 0x0000000100000000)
  region size 1024K, 2 young (2048K), 2 survivors (2048K)
 Metaspace       used 89653K, committed 90560K, reserved 557056K
  class space    used 12628K, committed 13056K, reserved 425984K
}
Event: 122.545 GC heap before
{Heap before GC invocations=55 (full 0):
 garbage-first heap   total 240640K, used 157770K [0x0000000080000000, 0x0000000100000000)
  region size 1024K, 11 young (11264K), 2 survivors (2048K)
 Metaspace       used 90974K, committed 91904K, reserved 557056K
  class space    used 12757K, committed 13248K, reserved 425984K
}
Event: 122.549 GC heap after
{Heap after GC invocations=56 (full 0):
 garbage-first heap   total 240640K, used 148846K [0x0000000080000000, 0x0000000100000000)
  region size 1024K, 2 young (2048K), 2 survivors (2048K)
 Metaspace       used 90974K, committed 91904K, reserved 557056K
  class space    used 12757K, committed 13248K, reserved 425984K
}
Event: 123.637 GC heap before
{Heap before GC invocations=56 (full 0):
 garbage-first heap   total 240640K, used 189806K [0x0000000080000000, 0x0000000100000000)
  region size 1024K, 42 young (43008K), 2 survivors (2048K)
 Metaspace       used 93604K, committed 94528K, reserved 557056K
  class space    used 13137K, committed 13568K, reserved 425984K
}
Event: 123.641 GC heap after
{Heap after GC invocations=57 (full 0):
 garbage-first heap   total 240640K, used 151219K [0x0000000080000000, 0x0000000100000000)
  region size 1024K, 5 young (5120K), 5 survivors (5120K)
 Metaspace       used 93604K, committed 94528K, reserved 557056K
  class space    used 13137K, committed 13568K, reserved 425984K
}
Event: 125.882 GC heap before
{Heap before GC invocations=57 (full 0):
 garbage-first heap   total 240640K, used 192179K [0x0000000080000000, 0x0000000100000000)
  region size 1024K, 45 young (46080K), 5 survivors (5120K)
 Metaspace       used 96145K, committed 97152K, reserved 557056K
  class space    used 13499K, committed 14016K, reserved 425984K
}
Event: 125.890 GC heap after
{Heap after GC invocations=58 (full 0):
 garbage-first heap   total 240640K, used 154908K [0x0000000080000000, 0x0000000100000000)
  region size 1024K, 6 young (6144K), 6 survivors (6144K)
 Metaspace       used 96145K, committed 97152K, reserved 557056K
  class space    used 13499K, committed 14016K, reserved 425984K
}
Event: 126.528 GC heap before
{Heap before GC invocations=58 (full 0):
 garbage-first heap   total 240640K, used 195868K [0x0000000080000000, 0x0000000100000000)
  region size 1024K, 46 young (47104K), 6 survivors (6144K)
 Metaspace       used 97606K, committed 98688K, reserved 557056K
  class space    used 13685K, committed 14208K, reserved 425984K
}
Event: 126.536 GC heap after
{Heap after GC invocations=59 (full 0):
 garbage-first heap   total 240640K, used 159111K [0x0000000080000000, 0x0000000100000000)
  region size 1024K, 5 young (5120K), 5 survivors (5120K)
 Metaspace       used 97606K, committed 98688K, reserved 557056K
  class space    used 13685K, committed 14208K, reserved 425984K
}
Event: 127.233 GC heap before
{Heap before GC invocations=59 (full 0):
 garbage-first heap   total 240640K, used 198023K [0x0000000080000000, 0x0000000100000000)
  region size 1024K, 43 young (44032K), 5 survivors (5120K)
 Metaspace       used 97949K, committed 98944K, reserved 557056K
  class space    used 13711K, committed 14208K, reserved 425984K
}
Event: 127.239 GC heap after
{Heap after GC invocations=60 (full 0):
 garbage-first heap   total 240640K, used 163087K [0x0000000080000000, 0x0000000100000000)
  region size 1024K, 4 young (4096K), 4 survivors (4096K)
 Metaspace       used 97949K, committed 98944K, reserved 557056K
  class space    used 13711K, committed 14208K, reserved 425984K
}
Event: 128.003 GC heap before
{Heap before GC invocations=60 (full 0):
 garbage-first heap   total 240640K, used 198927K [0x0000000080000000, 0x0000000100000000)
  region size 1024K, 40 young (40960K), 4 survivors (4096K)
 Metaspace       used 98681K, committed 99712K, reserved 557056K
  class space    used 13810K, committed 14336K, reserved 425984K
}
Event: 128.009 GC heap after
{Heap after GC invocations=61 (full 0):
 garbage-first heap   total 240640K, used 167897K [0x0000000080000000, 0x0000000100000000)
  region size 1024K, 5 young (5120K), 5 survivors (5120K)
 Metaspace       used 98681K, committed 99712K, reserved 557056K
  class space    used 13810K, committed 14336K, reserved 425984K
}
Event: 128.763 GC heap before
{Heap before GC invocations=61 (full 0):
 garbage-first heap   total 240640K, used 200665K [0x0000000080000000, 0x0000000100000000)
  region size 1024K, 38 young (38912K), 5 survivors (5120K)
 Metaspace       used 98954K, committed 100032K, reserved 557056K
  class space    used 13816K, committed 14336K, reserved 425984K
}
Event: 128.769 GC heap after
{Heap after GC invocations=62 (full 0):
 garbage-first heap   total 240640K, used 169903K [0x0000000080000000, 0x0000000100000000)
  region size 1024K, 3 young (3072K), 3 survivors (3072K)
 Metaspace       used 98954K, committed 100032K, reserved 557056K
  class space    used 13816K, committed 14336K, reserved 425984K
}
Event: 129.519 GC heap before
{Heap before GC invocations=62 (full 0):
 garbage-first heap   total 240640K, used 202671K [0x0000000080000000, 0x0000000100000000)
  region size 1024K, 36 young (36864K), 3 survivors (3072K)
 Metaspace       used 99323K, committed 100416K, reserved 557056K
  class space    used 13872K, committed 14400K, reserved 425984K
}
Event: 129.525 GC heap after
{Heap after GC invocations=63 (full 0):
 garbage-first heap   total 240640K, used 175104K [0x0000000080000000, 0x0000000100000000)
  region size 1024K, 5 young (5120K), 5 survivors (5120K)
 Metaspace       used 99323K, committed 100416K, reserved 557056K
  class space    used 13872K, committed 14400K, reserved 425984K
}
Event: 130.457 GC heap before
{Heap before GC invocations=63 (full 0):
 garbage-first heap   total 240640K, used 203776K [0x0000000080000000, 0x0000000100000000)
  region size 1024K, 33 young (33792K), 5 survivors (5120K)
 Metaspace       used 99342K, committed 100416K, reserved 557056K
  class space    used 13873K, committed 14400K, reserved 425984K
}
Event: 130.462 GC heap after
{Heap after GC invocations=64 (full 0):
 garbage-first heap   total 240640K, used 177061K [0x0000000080000000, 0x0000000100000000)
  region size 1024K, 4 young (4096K), 4 survivors (4096K)
 Metaspace       used 99342K, committed 100416K, reserved 557056K
  class space    used 13873K, committed 14400K, reserved 425984K
}

Dll operation events (14 events):
Event: 0.009 Loaded shared library C:\Program Files\Microsoft\jdk-17.0.8.7-hotspot\bin\java.dll
Event: 0.030 Loaded shared library C:\Program Files\Microsoft\jdk-17.0.8.7-hotspot\bin\jsvml.dll
Event: 0.074 Loaded shared library C:\Program Files\Microsoft\jdk-17.0.8.7-hotspot\bin\zip.dll
Event: 0.077 Loaded shared library C:\Program Files\Microsoft\jdk-17.0.8.7-hotspot\bin\instrument.dll
Event: 0.080 Loaded shared library C:\Program Files\Microsoft\jdk-17.0.8.7-hotspot\bin\net.dll
Event: 0.081 Loaded shared library C:\Program Files\Microsoft\jdk-17.0.8.7-hotspot\bin\nio.dll
Event: 0.084 Loaded shared library C:\Program Files\Microsoft\jdk-17.0.8.7-hotspot\bin\zip.dll
Event: 0.191 Loaded shared library C:\Program Files\Microsoft\jdk-17.0.8.7-hotspot\bin\jimage.dll
Event: 0.252 Loaded shared library C:\Program Files\Microsoft\jdk-17.0.8.7-hotspot\bin\verify.dll
Event: 0.404 Loaded shared library E:\Appdata\Gradle\native\68d5fa5c4cc2d200863cafc0d521ce42e7d3e7ee720ec0a83991735586a16f82\windows-amd64\native-platform.dll
Event: 0.494 Loaded shared library E:\Appdata\Gradle\native\e376f236ea51e6404a007f0833ffe2c6e607c4080706a723a18a27aeea778392\windows-amd64\native-platform-file-events.dll
Event: 2.007 Loaded shared library C:\Program Files\Microsoft\jdk-17.0.8.7-hotspot\bin\management.dll
Event: 2.009 Loaded shared library C:\Program Files\Microsoft\jdk-17.0.8.7-hotspot\bin\management_ext.dll
Event: 2.488 Loaded shared library C:\Program Files\Microsoft\jdk-17.0.8.7-hotspot\bin\sunmscapi.dll

Deoptimization events (20 events):
Event: 129.032 Thread 0x000001c4bed00b80 Uncommon trap: trap_request=0xffffffc6 fr.pc=0x000001c4affe5648 relative=0x00000000000000a8
Event: 129.032 Thread 0x000001c4bed00b80 Uncommon trap: reason=bimorphic_or_optimized_type_check action=maybe_recompile pc=0x000001c4affe5648 method=org.gradle.execution.plan.ActionNode.hasPendingPreExecutionNodes()Z @ 11 c2
Event: 129.032 Thread 0x000001c4bed00b80 DEOPT PACKING pc=0x000001c4affe5648 sp=0x00000074d0cfe850
Event: 129.032 Thread 0x000001c4bed00b80 DEOPT UNPACKING pc=0x000001c4af2a69a3 sp=0x00000074d0cfe7d8 mode 2
Event: 129.037 Thread 0x000001c4bed00b80 Uncommon trap: trap_request=0xffffffc6 fr.pc=0x000001c4affe5648 relative=0x00000000000000a8
Event: 129.037 Thread 0x000001c4bed00b80 Uncommon trap: reason=bimorphic_or_optimized_type_check action=maybe_recompile pc=0x000001c4affe5648 method=org.gradle.execution.plan.ActionNode.hasPendingPreExecutionNodes()Z @ 11 c2
Event: 129.037 Thread 0x000001c4bed00b80 DEOPT PACKING pc=0x000001c4affe5648 sp=0x00000074d0cfe850
Event: 129.037 Thread 0x000001c4bed00b80 DEOPT UNPACKING pc=0x000001c4af2a69a3 sp=0x00000074d0cfe7d8 mode 2
Event: 129.538 Thread 0x000001c4dfe8c540 Uncommon trap: trap_request=0xffffff45 fr.pc=0x000001c4affd4e88 relative=0x0000000000001648
Event: 129.538 Thread 0x000001c4dfe8c540 Uncommon trap: reason=unstable_if action=reinterpret pc=0x000001c4affd4e88 method=java.math.BigInteger.makePositive([BII)[I @ 40 c2
Event: 129.538 Thread 0x000001c4dfe8c540 DEOPT PACKING pc=0x000001c4affd4e88 sp=0x00000074ce2fe5d0
Event: 129.538 Thread 0x000001c4dfe8c540 DEOPT UNPACKING pc=0x000001c4af2a69a3 sp=0x00000074ce2fe420 mode 2
Event: 130.057 Thread 0x000001c4bebba850 Uncommon trap: trap_request=0xffffff45 fr.pc=0x000001c4afc98868 relative=0x0000000000000728
Event: 130.057 Thread 0x000001c4bebba850 Uncommon trap: reason=unstable_if action=reinterpret pc=0x000001c4afc98868 method=java.util.concurrent.ArrayBlockingQueue.enqueue(Ljava/lang/Object;)V @ 25 c2
Event: 130.057 Thread 0x000001c4bebba850 DEOPT PACKING pc=0x000001c4afc98868 sp=0x00000074cfefa950
Event: 130.057 Thread 0x000001c4bebba850 DEOPT UNPACKING pc=0x000001c4af2a69a3 sp=0x00000074cfefa920 mode 2
Event: 130.057 Thread 0x000001c4dfe8c540 Uncommon trap: trap_request=0xffffff45 fr.pc=0x000001c4afe9f8b0 relative=0x00000000000006f0
Event: 130.057 Thread 0x000001c4dfe8c540 Uncommon trap: reason=unstable_if action=reinterpret pc=0x000001c4afe9f8b0 method=java.util.concurrent.ArrayBlockingQueue.dequeue()Ljava/lang/Object; @ 32 c2
Event: 130.057 Thread 0x000001c4dfe8c540 DEOPT PACKING pc=0x000001c4afe9f8b0 sp=0x00000074ce2fea80
Event: 130.057 Thread 0x000001c4dfe8c540 DEOPT UNPACKING pc=0x000001c4af2a69a3 sp=0x00000074ce2fea60 mode 2

Classes unloaded (0 events):
No events

Classes redefined (0 events):
No events

Internal exceptions (20 events):
Event: 124.255 Thread 0x000001c4dec37940 Implicit null exception at 0x000001c4afead220 to 0x000001c4afeaeb28
Event: 125.850 Thread 0x000001c4dec37940 Implicit null exception at 0x000001c4afee28e0 to 0x000001c4afee3060
Event: 125.850 Thread 0x000001c4dec37940 Implicit null exception at 0x000001c4afee37cb to 0x000001c4afee388f
Event: 125.890 Thread 0x000001c4be209960 Implicit null exception at 0x000001c4afc98180 to 0x000001c4afc98928
Event: 126.262 Thread 0x000001c4dec37940 Implicit null exception at 0x000001c4aff2744b to 0x000001c4aff28068
Event: 126.462 Thread 0x000001c4dec37940 Exception <a 'java/lang/IncompatibleClassChangeError'{0x000000008c94e7f0}: Found class java.lang.Object, but interface was expected> (0x000000008c94e7f0) 
thrown [s\src\hotspot\share\interpreter\linkResolver.cpp, line 826]
Event: 126.598 Thread 0x000001c4dec37940 Exception <a 'sun/nio/fs/WindowsException'{0x000000008e99fe60}> (0x000000008e99fe60) 
thrown [s\src\hotspot\share\prims\jni.cpp, line 516]
Event: 126.598 Thread 0x000001c4dec37940 Exception <a 'sun/nio/fs/WindowsException'{0x000000008e9a1440}> (0x000000008e9a1440) 
thrown [s\src\hotspot\share\prims\jni.cpp, line 516]
Event: 126.598 Thread 0x000001c4dec37940 Exception <a 'sun/nio/fs/WindowsException'{0x000000008e9a2a70}> (0x000000008e9a2a70) 
thrown [s\src\hotspot\share\prims\jni.cpp, line 516]
Event: 126.598 Thread 0x000001c4dec37940 Exception <a 'sun/nio/fs/WindowsException'{0x000000008e9a40a0}> (0x000000008e9a40a0) 
thrown [s\src\hotspot\share\prims\jni.cpp, line 516]
Event: 127.499 Thread 0x000001c4becfed20 Exception <a 'java/lang/NoSuchMethodError'{0x000000008d7ea3a8}: 'void java.lang.invoke.DirectMethodHandle$Holder.invokeStatic(java.lang.Object, java.lang.Object, java.lang.Object, java.lang.Object, int, java.lang.Object, java.lang.Object)'> (0x000000008d7ea3a8) 
thrown [s\src\hotspot\share\interpreter\linkResolver.cpp, line 759]
Event: 127.565 Thread 0x000001c4becfed20 Exception <a 'java/lang/NoSuchMethodError'{0x000000008d5c3e08}: 'java.lang.Object java.lang.invoke.DirectMethodHandle$Holder.invokeSpecialIFC(java.lang.Object, java.lang.Object, java.lang.Object)'> (0x000000008d5c3e08) 
thrown [s\src\hotspot\share\interpreter\linkResolver.cpp, line 759]
Event: 127.799 Thread 0x000001c4dfabcc90 Exception <a 'java/lang/NoSuchMethodError'{0x000000008ce81bf8}: 'void java.lang.invoke.DirectMethodHandle$Holder.invokeVirtual(java.lang.Object, java.lang.Object)'> (0x000000008ce81bf8) 
thrown [s\src\hotspot\share\interpreter\linkResolver.cpp, line 759]
Event: 128.858 Thread 0x000001c4bed00160 Exception <a 'java/lang/ClassNotFoundException'{0x000000008e8e8218}: groovy/util/FileTreeBuilderBeanInfo> (0x000000008e8e8218) 
thrown [s\src\hotspot\share\classfile\systemDictionary.cpp, line 256]
Event: 128.860 Thread 0x000001c4bed00160 Exception <a 'java/lang/ClassNotFoundException'{0x000000008e74eac8}: groovy/util/FileTreeBuilderCustomizer> (0x000000008e74eac8) 
thrown [s\src\hotspot\share\classfile\systemDictionary.cpp, line 256]
Event: 128.878 Thread 0x000001c4bed00160 Exception <a 'java/lang/ClassNotFoundException'{0x000000008e795430}: java/io/BufferedWriterBeanInfo> (0x000000008e795430) 
thrown [s\src\hotspot\share\classfile\systemDictionary.cpp, line 256]
Event: 128.878 Thread 0x000001c4bed00160 Exception <a 'java/lang/ClassNotFoundException'{0x000000008e79add0}: java/io/WriterBeanInfo> (0x000000008e79add0) 
thrown [s\src\hotspot\share\classfile\systemDictionary.cpp, line 256]
Event: 128.878 Thread 0x000001c4bed00160 Exception <a 'java/lang/ClassNotFoundException'{0x000000008e7a0798}: java/io/WriterCustomizer> (0x000000008e7a0798) 
thrown [s\src\hotspot\share\classfile\systemDictionary.cpp, line 256]
Event: 128.878 Thread 0x000001c4bed00160 Exception <a 'java/lang/ClassNotFoundException'{0x000000008e7af708}: java/io/BufferedWriterCustomizer> (0x000000008e7af708) 
thrown [s\src\hotspot\share\classfile\systemDictionary.cpp, line 256]
Event: 128.980 Thread 0x000001c4bed00b80 Exception <a 'java/lang/NoSuchMethodError'{0x000000008e699c40}: static Lcom/android/build/api/variant/BuildConfigField;.<clinit>()V> (0x000000008e699c40) 
thrown [s\src\hotspot\share\prims\jni.cpp, line 1107]

VM Operations (20 events):
Event: 128.763 Executing VM operation: G1CollectForAllocation
Event: 128.769 Executing VM operation: G1CollectForAllocation done
Event: 128.868 Executing VM operation: HandshakeAllThreads
Event: 128.868 Executing VM operation: HandshakeAllThreads done
Event: 128.871 Executing VM operation: HandshakeAllThreads
Event: 128.871 Executing VM operation: HandshakeAllThreads done
Event: 128.871 Executing VM operation: HandshakeAllThreads
Event: 128.872 Executing VM operation: HandshakeAllThreads done
Event: 128.894 Executing VM operation: ICBufferFull
Event: 128.894 Executing VM operation: ICBufferFull done
Event: 128.955 Executing VM operation: HandshakeAllThreads
Event: 128.956 Executing VM operation: HandshakeAllThreads done
Event: 129.037 Executing VM operation: HandshakeAllThreads
Event: 129.037 Executing VM operation: HandshakeAllThreads done
Event: 129.299 Executing VM operation: ICBufferFull
Event: 129.303 Executing VM operation: ICBufferFull done
Event: 129.519 Executing VM operation: G1CollectForAllocation
Event: 129.525 Executing VM operation: G1CollectForAllocation done
Event: 130.456 Executing VM operation: G1CollectForAllocation
Event: 130.462 Executing VM operation: G1CollectForAllocation done

Events (20 events):
Event: 129.059 Thread 0x000001c4be23db20 flushing nmethod 0x000001c4a959d990
Event: 129.059 Thread 0x000001c4be23db20 flushing nmethod 0x000001c4a959e590
Event: 129.059 Thread 0x000001c4be23db20 flushing nmethod 0x000001c4a95b1310
Event: 129.059 Thread 0x000001c4be23db20 flushing nmethod 0x000001c4a95b1690
Event: 129.060 Thread 0x000001c4be23db20 flushing nmethod 0x000001c4a95de290
Event: 129.060 Thread 0x000001c4be23db20 flushing nmethod 0x000001c4a95dfa90
Event: 129.060 Thread 0x000001c4be23db20 flushing nmethod 0x000001c4a95f7890
Event: 129.060 Thread 0x000001c4be23db20 flushing nmethod 0x000001c4a95fb310
Event: 129.060 Thread 0x000001c4be23db20 flushing nmethod 0x000001c4a95fcd10
Event: 129.060 Thread 0x000001c4be23db20 flushing nmethod 0x000001c4a9676a10
Event: 129.060 Thread 0x000001c4be23db20 flushing nmethod 0x000001c4a9677690
Event: 129.060 Thread 0x000001c4be23db20 flushing nmethod 0x000001c4a967a110
Event: 129.060 Thread 0x000001c4be23db20 flushing nmethod 0x000001c4a969ce90
Event: 129.060 Thread 0x000001c4be23db20 flushing nmethod 0x000001c4a96a0690
Event: 129.060 Thread 0x000001c4be23db20 flushing nmethod 0x000001c4a96a1510
Event: 129.060 Thread 0x000001c4be23db20 flushing nmethod 0x000001c4a96c5190
Event: 129.060 Thread 0x000001c4be23db20 flushing nmethod 0x000001c4a96c6490
Event: 130.398 Thread 0x000001c4becfcec0 Thread exited: 0x000001c4becfcec0
Event: 130.399 Thread 0x000001c4bed01fc0 Thread exited: 0x000001c4bed01fc0
Event: 130.399 Thread 0x000001c4bed024d0 Thread exited: 0x000001c4bed024d0


Dynamic libraries:
0x00007ff7f14b0000 - 0x00007ff7f14be000 	C:\Program Files\Microsoft\jdk-17.0.8.7-hotspot\bin\java.exe
0x00007ffef8e30000 - 0x00007ffef9028000 	C:\WINDOWS\SYSTEM32\ntdll.dll
0x00007ffef8bb0000 - 0x00007ffef8c6f000 	C:\WINDOWS\System32\KERNEL32.DLL
0x00007ffef6590000 - 0x00007ffef686a000 	C:\WINDOWS\System32\KERNELBASE.dll
0x00007ffef69d0000 - 0x00007ffef6ad0000 	C:\WINDOWS\System32\ucrtbase.dll
0x00007ffe8e780000 - 0x00007ffe8e797000 	C:\Program Files\Microsoft\jdk-17.0.8.7-hotspot\bin\jli.dll
0x00007ffef7f80000 - 0x00007ffef811d000 	C:\WINDOWS\System32\USER32.dll
0x00007ffef6ad0000 - 0x00007ffef6af2000 	C:\WINDOWS\System32\win32u.dll
0x00007ffef8470000 - 0x00007ffef849b000 	C:\WINDOWS\System32\GDI32.dll
0x00007ffef6d80000 - 0x00007ffef6e90000 	C:\WINDOWS\System32\gdi32full.dll
0x00007ffef6b00000 - 0x00007ffef6b9d000 	C:\WINDOWS\System32\msvcp_win.dll
0x00007ffecf860000 - 0x00007ffecf87b000 	C:\Program Files\Microsoft\jdk-17.0.8.7-hotspot\bin\VCRUNTIME140.dll
0x00007ffeeb810000 - 0x00007ffeebaaa000 	C:\WINDOWS\WinSxS\amd64_microsoft.windows.common-controls_6595b64144ccf1df_6.0.19041.1110_none_60b5254171f9507e\COMCTL32.dll
0x00007ffef84a0000 - 0x00007ffef853e000 	C:\WINDOWS\System32\msvcrt.dll
0x00007ffef8180000 - 0x00007ffef81b0000 	C:\WINDOWS\System32\IMM32.DLL
0x00007ffeea010000 - 0x00007ffeea01c000 	C:\Program Files\Microsoft\jdk-17.0.8.7-hotspot\bin\vcruntime140_1.dll
0x00007ffe6ee30000 - 0x00007ffe6eebd000 	C:\Program Files\Microsoft\jdk-17.0.8.7-hotspot\bin\msvcp140.dll
0x00007ffe2da50000 - 0x00007ffe2e6b5000 	C:\Program Files\Microsoft\jdk-17.0.8.7-hotspot\bin\server\jvm.dll
0x00007ffef7780000 - 0x00007ffef782e000 	C:\WINDOWS\System32\ADVAPI32.dll
0x00007ffef8d50000 - 0x00007ffef8dec000 	C:\WINDOWS\System32\sechost.dll
0x00007ffef8540000 - 0x00007ffef8666000 	C:\WINDOWS\System32\RPCRT4.dll
0x00007ffef5a80000 - 0x00007ffef5acb000 	C:\WINDOWS\SYSTEM32\POWRPROF.dll
0x00007ffebb6b0000 - 0x00007ffebb6b9000 	C:\WINDOWS\SYSTEM32\WSOCK32.dll
0x00007ffef8400000 - 0x00007ffef846b000 	C:\WINDOWS\System32\WS2_32.dll
0x00007ffeec530000 - 0x00007ffeec557000 	C:\WINDOWS\SYSTEM32\WINMM.dll
0x00007ffeed3d0000 - 0x00007ffeed3da000 	C:\WINDOWS\SYSTEM32\VERSION.dll
0x00007ffef5980000 - 0x00007ffef5992000 	C:\WINDOWS\SYSTEM32\UMPDC.dll
0x00007ffef4da0000 - 0x00007ffef4db2000 	C:\WINDOWS\SYSTEM32\kernel.appcore.dll
0x00007ffeb88b0000 - 0x00007ffeb88ba000 	C:\Program Files\Microsoft\jdk-17.0.8.7-hotspot\bin\jimage.dll
0x00007ffef4b50000 - 0x00007ffef4d34000 	C:\WINDOWS\SYSTEM32\DBGHELP.DLL
0x00007ffee5a70000 - 0x00007ffee5aa4000 	C:\WINDOWS\SYSTEM32\dbgcore.DLL
0x00007ffef6cf0000 - 0x00007ffef6d72000 	C:\WINDOWS\System32\bcryptPrimitives.dll
0x00007ffe8fdd0000 - 0x00007ffe8fdde000 	C:\Program Files\Microsoft\jdk-17.0.8.7-hotspot\bin\instrument.dll
0x00007ffe77a80000 - 0x00007ffe77aa5000 	C:\Program Files\Microsoft\jdk-17.0.8.7-hotspot\bin\java.dll
0x00007ffe6ed50000 - 0x00007ffe6ee27000 	C:\Program Files\Microsoft\jdk-17.0.8.7-hotspot\bin\jsvml.dll
0x00007ffef7830000 - 0x00007ffef7f74000 	C:\WINDOWS\System32\SHELL32.dll
0x00007ffef43b0000 - 0x00007ffef4b43000 	C:\WINDOWS\SYSTEM32\windows.storage.dll
0x00007ffef7390000 - 0x00007ffef76e4000 	C:\WINDOWS\System32\combase.dll
0x00007ffef5ec0000 - 0x00007ffef5eee000 	C:\WINDOWS\SYSTEM32\Wldp.dll
0x00007ffef81b0000 - 0x00007ffef825d000 	C:\WINDOWS\System32\SHCORE.dll
0x00007ffef8390000 - 0x00007ffef83e5000 	C:\WINDOWS\System32\shlwapi.dll
0x00007ffef6480000 - 0x00007ffef649f000 	C:\WINDOWS\SYSTEM32\profapi.dll
0x00007ffe773e0000 - 0x00007ffe773f8000 	C:\Program Files\Microsoft\jdk-17.0.8.7-hotspot\bin\zip.dll
0x00007ffe81d50000 - 0x00007ffe81d69000 	C:\Program Files\Microsoft\jdk-17.0.8.7-hotspot\bin\net.dll
0x00007ffeef380000 - 0x00007ffeef48a000 	C:\WINDOWS\SYSTEM32\WINHTTP.dll
0x00007ffef5ca0000 - 0x00007ffef5d0a000 	C:\WINDOWS\system32\mswsock.dll
0x00007ffe77a60000 - 0x00007ffe77a76000 	C:\Program Files\Microsoft\jdk-17.0.8.7-hotspot\bin\nio.dll
0x00007ffeb8720000 - 0x00007ffeb8730000 	C:\Program Files\Microsoft\jdk-17.0.8.7-hotspot\bin\verify.dll
0x00007ffe77b80000 - 0x00007ffe77ba7000 	E:\Appdata\Gradle\native\68d5fa5c4cc2d200863cafc0d521ce42e7d3e7ee720ec0a83991735586a16f82\windows-amd64\native-platform.dll
0x00007ffe6e890000 - 0x00007ffe6e9d4000 	E:\Appdata\Gradle\native\e376f236ea51e6404a007f0833ffe2c6e607c4080706a723a18a27aeea778392\windows-amd64\native-platform-file-events.dll
0x00007ffeb3050000 - 0x00007ffeb3059000 	C:\Program Files\Microsoft\jdk-17.0.8.7-hotspot\bin\management.dll
0x00007ffe900d0000 - 0x00007ffe900db000 	C:\Program Files\Microsoft\jdk-17.0.8.7-hotspot\bin\management_ext.dll
0x00007ffef7770000 - 0x00007ffef7778000 	C:\WINDOWS\System32\PSAPI.DLL
0x00007ffef5f00000 - 0x00007ffef5f18000 	C:\WINDOWS\SYSTEM32\CRYPTSP.dll
0x00007ffef5500000 - 0x00007ffef5534000 	C:\WINDOWS\system32\rsaenh.dll
0x00007ffef6c10000 - 0x00007ffef6c37000 	C:\WINDOWS\System32\bcrypt.dll
0x00007ffef6400000 - 0x00007ffef642e000 	C:\WINDOWS\SYSTEM32\USERENV.dll
0x00007ffef5e30000 - 0x00007ffef5e3c000 	C:\WINDOWS\SYSTEM32\CRYPTBASE.dll
0x00007ffef5940000 - 0x00007ffef597c000 	C:\WINDOWS\SYSTEM32\IPHLPAPI.DLL
0x00007ffef83f0000 - 0x00007ffef83f8000 	C:\WINDOWS\System32\NSI.dll
0x00007ffef0020000 - 0x00007ffef0037000 	C:\WINDOWS\SYSTEM32\dhcpcsvc6.DLL
0x00007ffeeffb0000 - 0x00007ffeeffcd000 	C:\WINDOWS\SYSTEM32\dhcpcsvc.DLL
0x00007ffef59a0000 - 0x00007ffef5a6b000 	C:\WINDOWS\SYSTEM32\DNSAPI.dll
0x00007ffe8ef30000 - 0x00007ffe8ef3e000 	C:\Program Files\Microsoft\jdk-17.0.8.7-hotspot\bin\sunmscapi.dll
0x00007ffef6870000 - 0x00007ffef69c6000 	C:\WINDOWS\System32\CRYPT32.dll
0x00007ffef6010000 - 0x00007ffef6038000 	C:\WINDOWS\SYSTEM32\ncrypt.dll
0x00007ffef5fb0000 - 0x00007ffef5feb000 	C:\WINDOWS\SYSTEM32\NTASN1.dll
0x00007ffed2c20000 - 0x00007ffed2c27000 	C:\WINDOWS\system32\wshunix.dll
0x00007ffed36d0000 - 0x00007ffed36e7000 	C:\WINDOWS\system32\napinsp.dll
0x00007ffed36b0000 - 0x00007ffed36cb000 	C:\WINDOWS\system32\pnrpnsp.dll
0x00007ffef1bd0000 - 0x00007ffef1bed000 	C:\WINDOWS\system32\NLAapi.dll
0x00007ffed65b0000 - 0x00007ffed65c5000 	C:\WINDOWS\system32\wshbth.dll
0x00007ffed2ea0000 - 0x00007ffed2eb2000 	C:\WINDOWS\System32\winrnr.dll
0x00007ffee9c90000 - 0x00007ffee9c9a000 	C:\Windows\System32\rasadhlp.dll
0x00007ffeee6e0000 - 0x00007ffeee760000 	C:\WINDOWS\System32\fwpuclnt.dll

dbghelp: loaded successfully - version: 4.0.5 - missing functions: none
symbol engine: initialized successfully - sym options: 0x614 - pdb path: .;C:\Program Files\Microsoft\jdk-17.0.8.7-hotspot\bin;C:\WINDOWS\SYSTEM32;C:\WINDOWS\WinSxS\amd64_microsoft.windows.common-controls_6595b64144ccf1df_6.0.19041.1110_none_60b5254171f9507e;C:\Program Files\Microsoft\jdk-17.0.8.7-hotspot\bin\server;E:\Appdata\Gradle\native\68d5fa5c4cc2d200863cafc0d521ce42e7d3e7ee720ec0a83991735586a16f82\windows-amd64;E:\Appdata\Gradle\native\e376f236ea51e6404a007f0833ffe2c6e607c4080706a723a18a27aeea778392\windows-amd64

VM Arguments:
jvm_args: -XX:MaxMetaspaceSize=512m --add-opens=java.base/java.util=ALL-UNNAMED --add-opens=java.base/java.lang=ALL-UNNAMED --add-opens=java.base/java.lang.invoke=ALL-UNNAMED --add-opens=java.prefs/java.util.prefs=ALL-UNNAMED --add-opens=java.base/java.nio.charset=ALL-UNNAMED --add-opens=java.base/java.net=ALL-UNNAMED --add-opens=java.base/java.util.concurrent.atomic=ALL-UNNAMED -Xmx2048m -Dfile.encoding=windows-1252 -Duser.country=IN -Duser.language=en -Duser.variant -javaagent:E:\Appdata\Gradle\wrapper\dists\gradle-8.3-all\6en3ugtfdg5xnpx44z4qbwgas\gradle-8.3\lib\agents\gradle-instrumentation-agent-8.3.jar 
java_command: org.gradle.launcher.daemon.bootstrap.GradleDaemon 8.3
java_class_path (initial): E:\Appdata\Gradle\wrapper\dists\gradle-8.3-all\6en3ugtfdg5xnpx44z4qbwgas\gradle-8.3\lib\gradle-launcher-8.3.jar
Launcher Type: SUN_STANDARD

[Global flags]
     intx CICompilerCount                          = 3                                         {product} {ergonomic}
   size_t CompressedClassSpaceSize                 = 436207616                                 {product} {ergonomic}
     uint ConcGCThreads                            = 2                                         {product} {ergonomic}
     uint G1ConcRefinementThreads                  = 6                                         {product} {ergonomic}
   size_t G1HeapRegionSize                         = 1048576                                   {product} {ergonomic}
    uintx GCDrainStackTargetSize                   = 64                                        {product} {ergonomic}
   size_t InitialHeapSize                          = 134217728                                 {product} {ergonomic}
   size_t MarkStackSize                            = 4194304                                   {product} {ergonomic}
   size_t MaxHeapSize                              = 2147483648                                {product} {command line}
   size_t MaxMetaspaceSize                         = 536870912                                 {product} {command line}
   size_t MaxNewSize                               = 1287651328                                {product} {ergonomic}
   size_t MinHeapDeltaBytes                        = 1048576                                   {product} {ergonomic}
   size_t MinHeapSize                              = 8388608                                   {product} {ergonomic}
    uintx NonNMethodCodeHeapSize                   = 5832780                                {pd product} {ergonomic}
    uintx NonProfiledCodeHeapSize                  = 122912730                              {pd product} {ergonomic}
    uintx ProfiledCodeHeapSize                     = 122912730                              {pd product} {ergonomic}
    uintx ReservedCodeCacheSize                    = 251658240                              {pd product} {ergonomic}
     bool SegmentedCodeCache                       = true                                      {product} {ergonomic}
   size_t SoftMaxHeapSize                          = 2147483648                             {manageable} {ergonomic}
     bool UseCompressedClassPointers               = true                           {product lp64_product} {ergonomic}
     bool UseCompressedOops                        = true                           {product lp64_product} {ergonomic}
     bool UseG1GC                                  = true                                      {product} {ergonomic}
     bool UseLargePagesIndividualAllocation        = false                                  {pd product} {ergonomic}

Logging:
Log output configuration:
 #0: stdout all=warning uptime,level,tags
 #1: stderr all=off uptime,level,tags

Environment Variables:
JAVA_HOME=C:\Program Files\Microsoft\jdk-17.0.8.7-hotspot\
CLASSPATH=E:\Codes\React Native\Chromata\android\\gradle\wrapper\gradle-wrapper.jar
PATH=E:\Codes\React Native\Chromata\node_modules\.bin;E:\Codes\React Native\node_modules\.bin;E:\Codes\node_modules\.bin;E:\node_modules\.bin;C:\Users\PitamPaul\AppData\Roaming\nvm\v20.10.0\node_modules\npm\node_modules\@npmcli\run-script\lib\node-gyp-bin;C:\Program Files\Microsoft\jdk-17.0.8.7-hotspot\bin;C:\Program Files\Common Files\Oracle\Java\javapath;C:\Program Files (x86)\Common Files\Intel\Shared Libraries\redist\intel64\compiler;C:\WINDOWS\system32;C:\WINDOWS;C:\WINDOWS\System32\Wbem;C:\WINDOWS\System32\WindowsPowerShell\v1.0\;C:\WINDOWS\System32\OpenSSH\;E:\Program Files\Git\cmd;C:\Users\PitamPaul\AppData\Roaming\nvm;C:\Program Files\nodejs;C:\ProgramData\ComposerSetup\bin;C:\ProgramData\chocolatey\bin;E:\Program Files\CMake\bin;C:\Program Files\nodejs\;E:\Appdata\mingw64\bin;C:\Users\PitamPaul\AppData\Local\Programs\Python\Python310\Scripts\;C:\Users\PitamPaul\AppData\Local\Programs\Python\Python310\;C:\Users\PitamPaul\AppData\Local\Microsoft\WindowsApps;C:\Users\PitamPaul\AppData\Local\Programs\Microsoft VS Code\bin;C:\Users\PitamPaul\AppData\Roaming\nvm;C:\Program Files\nodejs;E:\Appdata\Android\Sdk\platform-tools;C:\Users\PitamPaul\AppData\Roaming\npm;C:\tools\dart-sdk\bin;C:\Users\PitamPaul\AppData\Local\Pub\Cache\bin;E:\PITAM PAUL\Softwares\Python\Serve App;C:\Program Files (x86)\NoteFinity;
USERNAME=PitamPaul
LANG=en_US.UTF-8
OS=Windows_NT
PROCESSOR_IDENTIFIER=Intel64 Family 6 Model 158 Stepping 10, GenuineIntel
TMP=C:\Users\PITAMP~1\AppData\Local\Temp
TEMP=C:\Users\PITAMP~1\AppData\Local\Temp



---------------  S Y S T E M  ---------------

OS:
 Windows 10 , 64 bit Build 19041 (10.0.19041.2788)
OS uptime: 3 days 10:26 hours
Hyper-V role detected

CPU: total 6 (initial active 6) (6 cores per cpu, 1 threads per core) family 6 model 158 stepping 10 microcode 0xca, cx8, cmov, fxsr, mmx, 3dnowpref, sse, sse2, sse3, ssse3, sse4.1, sse4.2, popcnt, lzcnt, tsc, tscinvbit, avx, avx2, aes, erms, clmul, bmi1, bmi2, adx, fma, vzeroupper, clflush, clflushopt, hv
Processor Information for all 6 processors :
  Max Mhz: 2904, Current Mhz: 2904, Mhz Limit: 2904

Memory: 4k page, system-wide physical 8136M (201M free)
TotalPageFile size 19815M (AvailPageFile size 2595M)
current process WorkingSet (physical memory assigned to process): 454M, peak: 497M
current process commit charge ("private bytes"): 571M, peak: 575M

vm_info: OpenJDK 64-Bit Server VM (17.0.8+7-LTS) for windows-amd64 JRE (17.0.8+7-LTS), built on Jul  7 2023 17:21:55 by "MicrosoftCorporation" with MS VC++ 16.10 / 16.11 (VS2019)

END.
